[ 2016-12-13T09:12:59+08:00 ] 127.0.0.1 /h5_2014_xishuashua/xishuashua/Public/admin/css/style.css
INFO: [ app_init ] --START--
INFO: Run Behavior\BuildLiteBehavior [ RunTime:0.000034s ]
INFO: [ app_init ] --END-- [ RunTime:0.001041s ]
ERR: 无法加载模块:Public

[ 2016-12-13T09:12:59+08:00 ] 127.0.0.1 /h5_2014_xishuashua/xishuashua/Public/admin/css/index.css
INFO: [ app_init ] --START--
INFO: Run Behavior\BuildLiteBehavior [ RunTime:0.000017s ]
INFO: [ app_init ] --END-- [ RunTime:0.000558s ]
ERR: 无法加载模块:Public

[ 2016-12-13T09:13:00+08:00 ] 127.0.0.1 /h5_2014_xishuashua/xishuashua/Public/admin/css/bootstrap.min.css
INFO: [ app_init ] --START--
INFO: Run Behavior\BuildLiteBehavior [ RunTime:0.000030s ]
INFO: [ app_init ] --END-- [ RunTime:0.000927s ]
ERR: 无法加载模块:Public

[ 2016-12-13T09:13:00+08:00 ] 127.0.0.1 /h5_2014_xishuashua/xishuashua/Public/admin/css/lanrenzhijia.css
INFO: [ app_init ] --START--
INFO: Run Behavior\BuildLiteBehavior [ RunTime:0.000024s ]
INFO: [ app_init ] --END-- [ RunTime:0.000736s ]
ERR: 无法加载模块:Public

[ 2016-12-13T09:13:00+08:00 ] 127.0.0.1 /h5_2014_xishuashua/xishuashua/Public/admin/css/lunbotu.css
INFO: [ app_init ] --START--
INFO: Run Behavior\BuildLiteBehavior [ RunTime:0.000024s ]
INFO: [ app_init ] --END-- [ RunTime:0.000886s ]
ERR: 无法加载模块:Public

[ 2016-12-13T09:13:00+08:00 ] 127.0.0.1 /h5_2014_xishuashua/xishuashua/Public/admin/css/lunbotu2.css
INFO: [ app_init ] --START--
INFO: Run Behavior\BuildLiteBehavior [ RunTime:0.000024s ]
INFO: [ app_init ] --END-- [ RunTime:0.001334s ]
ERR: 无法加载模块:Public

[ 2016-12-13T09:13:00+08:00 ] 127.0.0.1 /h5_2014_xishuashua/xishuashua/Public/admin/js/jquery-2.1.4.min.js
INFO: [ app_init ] --START--
INFO: Run Behavior\BuildLiteBehavior [ RunTime:0.000033s ]
INFO: [ app_init ] --END-- [ RunTime:0.002508s ]
ERR: 无法加载模块:Public

[ 2016-12-13T09:13:00+08:00 ] 127.0.0.1 /h5_2014_xishuashua/xishuashua/Public/admin/js/lunbotu.js
INFO: [ app_init ] --START--
INFO: Run Behavior\BuildLiteBehavior [ RunTime:0.000017s ]
INFO: [ app_init ] --END-- [ RunTime:0.000481s ]
ERR: 无法加载模块:Public

[ 2016-12-13T09:13:00+08:00 ] 127.0.0.1 /h5_2014_xishuashua/xishuashua/Public/admin/js/text.js
INFO: [ app_init ] --START--
INFO: Run Behavior\BuildLiteBehavior [ RunTime:0.000016s ]
INFO: [ app_init ] --END-- [ RunTime:0.000487s ]
ERR: 无法加载模块:Public

[ 2016-12-13T09:13:00+08:00 ] 127.0.0.1 /h5_2014_xishuashua/xishuashua/Public/admin/css/lunbotu2.css
INFO: [ app_init ] --START--
INFO: Run Behavior\BuildLiteBehavior [ RunTime:0.000014s ]
INFO: [ app_init ] --END-- [ RunTime:0.000540s ]
ERR: 无法加载模块:Public

[ 2016-12-13T09:13:00+08:00 ] 127.0.0.1 /h5_2014_xishuashua/xishuashua/Public/admin/css/lanrenzhijia.css
INFO: [ app_init ] --START--
INFO: Run Behavior\BuildLiteBehavior [ RunTime:0.000023s ]
INFO: [ app_init ] --END-- [ RunTime:0.000689s ]
ERR: 无法加载模块:Public

[ 2016-12-13T09:13:00+08:00 ] 127.0.0.1 /h5_2014_xishuashua/xishuashua/Public/admin/js/lanrenzhijia.js
INFO: [ app_init ] --START--
INFO: Run Behavior\BuildLiteBehavior [ RunTime:0.000023s ]
INFO: [ app_init ] --END-- [ RunTime:0.000724s ]
ERR: 无法加载模块:Public

[ 2016-12-13T09:13:00+08:00 ] 127.0.0.1 /h5_2014_xishuashua/xishuashua/Public/admin/images/bg3.jpg
INFO: [ app_init ] --START--
INFO: Run Behavior\BuildLiteBehavior [ RunTime:0.000023s ]
INFO: [ app_init ] --END-- [ RunTime:0.000680s ]
ERR: 无法加载模块:Public

[ 2016-12-13T09:13:00+08:00 ] 127.0.0.1 /h5_2014_xishuashua/xishuashua/Public/admin/images/logo.gif
INFO: [ app_init ] --START--
INFO: Run Behavior\BuildLiteBehavior [ RunTime:0.000028s ]
INFO: [ app_init ] --END-- [ RunTime:0.001566s ]
ERR: 无法加载模块:Public

[ 2016-12-13T09:13:00+08:00 ] 127.0.0.1 /h5_2014_xishuashua/xishuashua/Public/admin/images/bg2.jpg
INFO: [ app_init ] --START--
INFO: Run Behavior\BuildLiteBehavior [ RunTime:0.000034s ]
INFO: [ app_init ] --END-- [ RunTime:0.002578s ]
ERR: 无法加载模块:Public

[ 2016-12-13T09:13:00+08:00 ] 127.0.0.1 /h5_2014_xishuashua/xishuashua/Public/admin/images/bg1.jpg
INFO: [ app_init ] --START--
INFO: Run Behavior\BuildLiteBehavior [ RunTime:0.000023s ]
INFO: [ app_init ] --END-- [ RunTime:0.000696s ]
ERR: 无法加载模块:Public

[ 2016-12-13T09:13:00+08:00 ] 127.0.0.1 /h5_2014_xishuashua/xishuashua/Public/admin/images/bg4.jpg
INFO: [ app_init ] --START--
INFO: Run Behavior\BuildLiteBehavior [ RunTime:0.000029s ]
INFO: [ app_init ] --END-- [ RunTime:0.003497s ]
ERR: 无法加载模块:Public

[ 2016-12-13T09:13:00+08:00 ] 127.0.0.1 /h5_2014_xishuashua/xishuashua/Public/admin/js/jquery.min.js
INFO: [ app_init ] --START--
INFO: Run Behavior\BuildLiteBehavior [ RunTime:0.000025s ]
INFO: [ app_init ] --END-- [ RunTime:0.000746s ]
ERR: 无法加载模块:Public

[ 2016-12-13T09:13:00+08:00 ] 127.0.0.1 /h5_2014_xishuashua/xishuashua/Public/admin/js/scripts.js
INFO: [ app_init ] --START--
INFO: Run Behavior\BuildLiteBehavior [ RunTime:0.000026s ]
INFO: [ app_init ] --END-- [ RunTime:0.000721s ]
ERR: 无法加载模块:Public

[ 2016-12-13T09:13:00+08:00 ] 127.0.0.1 /h5_2014_xishuashua/xishuashua/Public/admin/images/bg5.jpg
INFO: [ app_init ] --START--
INFO: Run Behavior\BuildLiteBehavior [ RunTime:0.000024s ]
INFO: [ app_init ] --END-- [ RunTime:0.000894s ]
ERR: 无法加载模块:Public

[ 2016-12-13T09:13:00+08:00 ] 127.0.0.1 /h5_2014_xishuashua/xishuashua/Public/admin/js/bootstrap.min.js
INFO: [ app_init ] --START--
INFO: Run Behavior\BuildLiteBehavior [ RunTime:0.000025s ]
INFO: [ app_init ] --END-- [ RunTime:0.000681s ]
ERR: 无法加载模块:Public

[ 2016-12-13T09:13:00+08:00 ] 127.0.0.1 /h5_2014_xishuashua/xishuashua/Public/admin/images/ewm.gif
INFO: [ app_init ] --START--
INFO: Run Behavior\BuildLiteBehavior [ RunTime:0.000022s ]
INFO: [ app_init ] --END-- [ RunTime:0.000692s ]
ERR: 无法加载模块:Public

[ 2016-12-13T09:13:00+08:00 ] 127.0.0.1 /h5_2014_xishuashua/xishuashua/Public/admin/js/lanrenzhijia.js
INFO: [ app_init ] --START--
INFO: Run Behavior\BuildLiteBehavior [ RunTime:0.000022s ]
INFO: [ app_init ] --END-- [ RunTime:0.000731s ]
ERR: 无法加载模块:Public

[ 2016-12-13T09:13:00+08:00 ] 127.0.0.1 /h5_2014_xishuashua/xishuashua/Public/admin/images/ewm.gif
INFO: [ app_init ] --START--
INFO: Run Behavior\BuildLiteBehavior [ RunTime:0.000015s ]
INFO: [ app_init ] --END-- [ RunTime:0.000471s ]
ERR: 无法加载模块:Public

[ 2016-12-13T09:13:00+08:00 ] 127.0.0.1 /h5_2014_xishuashua/xishuashua/Public/admin/js/jquery.min.js
INFO: [ app_init ] --START--
INFO: Run Behavior\BuildLiteBehavior [ RunTime:0.000014s ]
INFO: [ app_init ] --END-- [ RunTime:0.000444s ]
ERR: 无法加载模块:Public

[ 2016-12-13T09:13:00+08:00 ] 127.0.0.1 /h5_2014_xishuashua/xishuashua/Public/admin/js/bootstrap.min.js
INFO: [ app_init ] --START--
INFO: Run Behavior\BuildLiteBehavior [ RunTime:0.000016s ]
INFO: [ app_init ] --END-- [ RunTime:0.000470s ]
ERR: 无法加载模块:Public

[ 2016-12-13T09:13:00+08:00 ] 127.0.0.1 /h5_2014_xishuashua/xishuashua/Public/admin/js/scripts.js
INFO: [ app_init ] --START--
INFO: Run Behavior\BuildLiteBehavior [ RunTime:0.000016s ]
INFO: [ app_init ] --END-- [ RunTime:0.000469s ]
ERR: 无法加载模块:Public

[ 2016-12-13T09:19:14+08:00 ] 127.0.0.1 /h5_2014_xishuashua/xishuashua/Public/admin/css/lunbotu.css
INFO: [ app_init ] --START--
INFO: Run Behavior\BuildLiteBehavior [ RunTime:0.000030s ]
INFO: [ app_init ] --END-- [ RunTime:0.000906s ]
ERR: 无法加载模块:Public

[ 2016-12-13T09:19:14+08:00 ] 127.0.0.1 /h5_2014_xishuashua/xishuashua/Public/admin/css/lunbotu2.css
INFO: [ app_init ] --START--
INFO: Run Behavior\BuildLiteBehavior [ RunTime:0.000025s ]
INFO: [ app_init ] --END-- [ RunTime:0.000944s ]
ERR: 无法加载模块:Public

[ 2016-12-13T09:19:15+08:00 ] 127.0.0.1 /h5_2014_xishuashua/xishuashua/Public/admin/fonts/glyphicons-halflings-regular.woff2
INFO: [ app_init ] --START--
INFO: Run Behavior\BuildLiteBehavior [ RunTime:0.000026s ]
INFO: [ app_init ] --END-- [ RunTime:0.005490s ]
ERR: 无法加载模块:Public

[ 2016-12-13T09:19:47+08:00 ] 127.0.0.1 /h5_2014_xishuashua/xishuashua/Public/admin/css/lunbotu.css
INFO: [ app_init ] --START--
INFO: Run Behavior\BuildLiteBehavior [ RunTime:0.000027s ]
INFO: [ app_init ] --END-- [ RunTime:0.000800s ]
ERR: 无法加载模块:Public

[ 2016-12-13T09:19:47+08:00 ] 127.0.0.1 /h5_2014_xishuashua/xishuashua/Public/admin/css/lunbotu2.css
INFO: [ app_init ] --START--
INFO: Run Behavior\BuildLiteBehavior [ RunTime:0.000019s ]
INFO: [ app_init ] --END-- [ RunTime:0.000550s ]
ERR: 无法加载模块:Public

[ 2016-12-13T09:20:38+08:00 ] 127.0.0.1 /h5_2014_xishuashua/xishuashua/Public/admin/css/lunbotu.css
INFO: [ app_init ] --START--
INFO: Run Behavior\BuildLiteBehavior [ RunTime:0.000017s ]
INFO: [ app_init ] --END-- [ RunTime:0.000554s ]
ERR: 无法加载模块:Public

[ 2016-12-13T09:20:38+08:00 ] 127.0.0.1 /h5_2014_xishuashua/xishuashua/Public/admin/css/lunbotu2.css
INFO: [ app_init ] --START--
INFO: Run Behavior\BuildLiteBehavior [ RunTime:0.000042s ]
INFO: [ app_init ] --END-- [ RunTime:0.000567s ]
ERR: 无法加载模块:Public

[ 2016-12-13T09:22:38+08:00 ] 127.0.0.1 /h5_2014_xishuashua/xishuashua/Public/admin/css/lunbotu.css
INFO: [ app_init ] --START--
INFO: Run Behavior\BuildLiteBehavior [ RunTime:0.000025s ]
INFO: [ app_init ] --END-- [ RunTime:0.000857s ]
ERR: 无法加载模块:Public

[ 2016-12-13T09:22:38+08:00 ] 127.0.0.1 /h5_2014_xishuashua/xishuashua/Public/admin/css/lunbotu2.css
INFO: [ app_init ] --START--
INFO: Run Behavior\BuildLiteBehavior [ RunTime:0.000036s ]
INFO: [ app_init ] --END-- [ RunTime:0.001084s ]
ERR: 无法加载模块:Public

[ 2016-12-13T09:43:45+08:00 ] 127.0.0.1 /h5_2014_xishuashua/xishuashua/Public/admin/js/jquery.min.map
INFO: [ app_init ] --START--
INFO: Run Behavior\BuildLiteBehavior [ RunTime:0.000014s ]
INFO: [ app_init ] --END-- [ RunTime:0.000575s ]
ERR: 无法加载模块:Public

[ 2016-12-13T09:51:07+08:00 ] 127.0.0.1 /h5_2014_xishuashua/xishuashua/Public/admin/js/jquery.min.map
INFO: [ app_init ] --START--
INFO: Run Behavior\BuildLiteBehavior [ RunTime:0.000033s ]
INFO: [ app_init ] --END-- [ RunTime:0.000890s ]
ERR: 无法加载模块:Public

[ 2016-12-13T09:55:38+08:00 ] 127.0.0.1 /h5_2014_xishuashua/xishuashua/Public/admin/js/jquery.min.map
INFO: [ app_init ] --START--
INFO: Run Behavior\BuildLiteBehavior [ RunTime:0.000019s ]
INFO: [ app_init ] --END-- [ RunTime:0.000569s ]
ERR: 无法加载模块:Public

[ 2016-12-13T10:06:07+08:00 ] 127.0.0.1 /h5_2014_xishuashua/xishuashua/Public/admin/js/jquery.min.map
INFO: [ app_init ] --START--
INFO: Run Behavior\BuildLiteBehavior [ RunTime:0.000029s ]
INFO: [ app_init ] --END-- [ RunTime:0.000942s ]
ERR: 无法加载模块:Public

[ 2016-12-13T10:06:45+08:00 ] 127.0.0.1 /h5_2014_xishuashua/xishuashua/Public/admin/js/jquery.min.map
INFO: [ app_init ] --START--
INFO: Run Behavior\BuildLiteBehavior [ RunTime:0.000019s ]
INFO: [ app_init ] --END-- [ RunTime:0.000559s ]
ERR: 无法加载模块:Public

[ 2016-12-13T10:07:56+08:00 ] 127.0.0.1 /h5_2014_xishuashua/xishuashua/Public/admin/js/jquery.min.map
INFO: [ app_init ] --START--
INFO: Run Behavior\BuildLiteBehavior [ RunTime:0.000026s ]
INFO: [ app_init ] --END-- [ RunTime:0.000859s ]
ERR: 无法加载模块:Public

[ 2016-12-13T10:08:10+08:00 ] 127.0.0.1 /h5_2014_xishuashua/xishuashua/Public/admin/js/jquery.min.map
INFO: [ app_init ] --START--
INFO: Run Behavior\BuildLiteBehavior [ RunTime:0.000026s ]
INFO: [ app_init ] --END-- [ RunTime:0.000804s ]
ERR: 无法加载模块:Public

[ 2016-12-13T10:09:15+08:00 ] 127.0.0.1 /h5_2014_xishuashua/xishuashua/Public/admin/js/jquery.min.map
INFO: [ app_init ] --START--
INFO: Run Behavior\BuildLiteBehavior [ RunTime:0.000020s ]
INFO: [ app_init ] --END-- [ RunTime:0.000723s ]
ERR: 无法加载模块:Public

[ 2016-12-13T10:19:41+08:00 ] 127.0.0.1 /h5_2014_xishuashua/xishuashua/Public/admin/js/jquery.min.map
INFO: [ app_init ] --START--
INFO: Run Behavior\BuildLiteBehavior [ RunTime:0.000035s ]
INFO: [ app_init ] --END-- [ RunTime:0.001245s ]
ERR: 无法加载模块:Public

[ 2016-12-13T10:19:59+08:00 ] 127.0.0.1 /h5_2014_xishuashua/xishuashua/Public/admin/js/jquery.min.map
INFO: [ app_init ] --START--
INFO: Run Behavior\BuildLiteBehavior [ RunTime:0.000067s ]
INFO: [ app_init ] --END-- [ RunTime:0.001790s ]
ERR: 无法加载模块:Public

[ 2016-12-13T10:20:38+08:00 ] 127.0.0.1 /h5_2014_xishuashua/xishuashua/Public/admin/js/jquery.min.map
INFO: [ app_init ] --START--
INFO: Run Behavior\BuildLiteBehavior [ RunTime:0.000035s ]
INFO: [ app_init ] --END-- [ RunTime:0.002908s ]
ERR: 无法加载模块:Public

[ 2016-12-13T10:21:23+08:00 ] 127.0.0.1 /h5_2014_xishuashua/xishuashua/Public/admin/js/jquery.min.map
INFO: [ app_init ] --START--
INFO: Run Behavior\BuildLiteBehavior [ RunTime:0.000019s ]
INFO: [ app_init ] --END-- [ RunTime:0.000546s ]
ERR: 无法加载模块:Public

[ 2016-12-13T10:21:55+08:00 ] 127.0.0.1 /h5_2014_xishuashua/xishuashua/Public/admin/js/jquery.min.map
INFO: [ app_init ] --START--
INFO: Run Behavior\BuildLiteBehavior [ RunTime:0.000034s ]
INFO: [ app_init ] --END-- [ RunTime:0.000865s ]
ERR: 无法加载模块:Public

[ 2016-12-13T10:22:47+08:00 ] 127.0.0.1 /h5_2014_xishuashua/xishuashua/Public/admin/js/jquery.min.map
INFO: [ app_init ] --START--
INFO: Run Behavior\BuildLiteBehavior [ RunTime:0.000017s ]
INFO: [ app_init ] --END-- [ RunTime:0.000518s ]
ERR: 无法加载模块:Public

[ 2016-12-13T10:52:03+08:00 ] 127.0.0.1 /h5_2014_xishuashua/xishuashua/Public/admin/js/jquery.min.map
INFO: [ app_init ] --START--
INFO: Run Behavior\BuildLiteBehavior [ RunTime:0.000040s ]
INFO: [ app_init ] --END-- [ RunTime:0.001359s ]
ERR: 无法加载模块:Public

[ 2016-12-13T16:27:40+08:00 ] 127.0.0.1 /h5_2014_xishuashua/xishuashua/Public/admin/js/jquery.min.map
INFO: [ app_init ] --START--
INFO: Run Behavior\BuildLiteBehavior [ RunTime:0.000075s ]
INFO: [ app_init ] --END-- [ RunTime:0.001407s ]
ERR: 无法加载模块:Public

[ 2016-12-13T16:28:26+08:00 ] 127.0.0.1 /h5_2014_xishuashua/xishuashua/Public/admin/js/jquery.min.map
INFO: [ app_init ] --START--
INFO: Run Behavior\BuildLiteBehavior [ RunTime:0.000027s ]
INFO: [ app_init ] --END-- [ RunTime:0.000885s ]
ERR: 无法加载模块:Public

[ 2016-12-13T16:29:19+08:00 ] 127.0.0.1 /h5_2014_xishuashua/xishuashua/Public/admin/js/jquery.min.map
INFO: [ app_init ] --START--
INFO: Run Behavior\BuildLiteBehavior [ RunTime:0.000033s ]
INFO: [ app_init ] --END-- [ RunTime:0.000836s ]
ERR: 无法加载模块:Public

[ 2016-12-13T16:30:30+08:00 ] 127.0.0.1 /h5_2014_xishuashua/xishuashua/Public/admin/js/jquery.min.map
INFO: [ app_init ] --START--
INFO: Run Behavior\BuildLiteBehavior [ RunTime:0.000031s ]
INFO: [ app_init ] --END-- [ RunTime:0.000970s ]
ERR: 无法加载模块:Public

[ 2016-12-13T16:30:40+08:00 ] 127.0.0.1 /h5_2014_xishuashua/xishuashua/Public/admin/js/jquery.min.map
INFO: [ app_init ] --START--
INFO: Run Behavior\BuildLiteBehavior [ RunTime:0.000026s ]
INFO: [ app_init ] --END-- [ RunTime:0.000741s ]
ERR: 无法加载模块:Public

[ 2016-12-13T17:09:08+08:00 ] 127.0.0.1 /h5_2014_xishuashua/xishuashua/index.php/jzzp.html
INFO: [ app_init ] --START--
INFO: Run Behavior\BuildLiteBehavior [ RunTime:0.000016s ]
INFO: [ app_init ] --END-- [ RunTime:0.000572s ]
ERR: 无法加载模块:Jzzp

[ 2016-12-13T17:14:24+08:00 ] 127.0.0.1 /h5_2014_xishuashua/xishuashua/index.php/zxrj.html
INFO: [ app_init ] --START--
INFO: Run Behavior\BuildLiteBehavior [ RunTime:0.000024s ]
INFO: [ app_init ] --END-- [ RunTime:0.000741s ]
ERR: 无法加载模块:Zxrj

[ 2016-12-13T17:55:24+08:00 ] 127.0.0.1 /h5_2014_xishuashua/xishuashua/Public/admin/js/jquery.min.map
INFO: [ app_init ] --START--
INFO: Run Behavior\BuildLiteBehavior [ RunTime:0.000022s ]
INFO: [ app_init ] --END-- [ RunTime:0.000770s ]
ERR: 无法加载模块:Public

[ 2016-12-13T17:55:55+08:00 ] 127.0.0.1 /h5_2014_xishuashua/xishuashua/Public/admin/js/jquery.min.map
INFO: [ app_init ] --START--
INFO: Run Behavior\BuildLiteBehavior [ RunTime:0.000027s ]
INFO: [ app_init ] --END-- [ RunTime:0.000814s ]
ERR: 无法加载模块:Public

[ 2016-12-13T17:56:13+08:00 ] 127.0.0.1 /h5_2014_xishuashua/xishuashua/Public/admin/js/jquery.min.map
INFO: [ app_init ] --START--
INFO: Run Behavior\BuildLiteBehavior [ RunTime:0.000035s ]
INFO: [ app_init ] --END-- [ RunTime:0.000872s ]
ERR: 无法加载模块:Public

[ 2016-12-13T17:56:26+08:00 ] 127.0.0.1 /h5_2014_xishuashua/xishuashua/Public/admin/js/jquery.min.map
INFO: [ app_init ] --START--
INFO: Run Behavior\BuildLiteBehavior [ RunTime:0.000029s ]
INFO: [ app_init ] --END-- [ RunTime:0.000880s ]
ERR: 无法加载模块:Public

[ 2016-12-13T17:57:43+08:00 ] 127.0.0.1 /h5_2014_xishuashua/xishuashua/Public/admin/js/jquery.min.map
INFO: [ app_init ] --START--
INFO: Run Behavior\BuildLiteBehavior [ RunTime:0.000017s ]
INFO: [ app_init ] --END-- [ RunTime:0.000486s ]
ERR: 无法加载模块:Public

[ 2016-12-13T17:57:52+08:00 ] 127.0.0.1 /h5_2014_xishuashua/xishuashua/Public/admin/js/jquery.min.map
INFO: [ app_init ] --START--
INFO: Run Behavior\BuildLiteBehavior [ RunTime:0.000022s ]
INFO: [ app_init ] --END-- [ RunTime:0.000775s ]
ERR: 无法加载模块:Public

[ 2016-12-13T17:58:02+08:00 ] 127.0.0.1 /h5_2014_xishuashua/xishuashua/Public/admin/js/jquery.min.map
INFO: [ app_init ] --START--
INFO: Run Behavior\BuildLiteBehavior [ RunTime:0.000027s ]
INFO: [ app_init ] --END-- [ RunTime:0.000822s ]
ERR: 无法加载模块:Public

[ 2016-12-13T17:58:17+08:00 ] 127.0.0.1 /h5_2014_xishuashua/xishuashua/Public/admin/js/jquery.min.map
INFO: [ app_init ] --START--
INFO: Run Behavior\BuildLiteBehavior [ RunTime:0.000028s ]
INFO: [ app_init ] --END-- [ RunTime:0.001130s ]
ERR: 无法加载模块:Public

[ 2016-12-13T17:58:32+08:00 ] 127.0.0.1 /h5_2014_xishuashua/xishuashua/Public/admin/js/jquery.min.map
INFO: [ app_init ] --START--
INFO: Run Behavior\BuildLiteBehavior [ RunTime:0.000025s ]
INFO: [ app_init ] --END-- [ RunTime:0.000800s ]
ERR: 无法加载模块:Public

[ 2016-12-13T17:58:59+08:00 ] 127.0.0.1 /h5_2014_xishuashua/xishuashua/Public/admin/js/jquery.min.map
INFO: [ app_init ] --START--
INFO: Run Behavior\BuildLiteBehavior [ RunTime:0.000031s ]
INFO: [ app_init ] --END-- [ RunTime:0.000844s ]
ERR: 无法加载模块:Public

[ 2016-12-13T18:06:19+08:00 ] 127.0.0.1 /h5_2014_xishuashua/xishuashua/Public/admin/css/lunbotu2.css
INFO: [ app_init ] --START--
INFO: Run Behavior\BuildLiteBehavior [ RunTime:0.000023s ]
INFO: [ app_init ] --END-- [ RunTime:0.000690s ]
ERR: 无法加载模块:Public

[ 2016-12-13T18:06:19+08:00 ] 127.0.0.1 /h5_2014_xishuashua/xishuashua/Public/admin/css/lunbotu.css
INFO: [ app_init ] --START--
INFO: Run Behavior\BuildLiteBehavior [ RunTime:0.000025s ]
INFO: [ app_init ] --END-- [ RunTime:0.000746s ]
ERR: 无法加载模块:Public

[ 2016-12-13T18:06:19+08:00 ] 127.0.0.1 /h5_2014_xishuashua/xishuashua/Public/admin/css/lunbotu2.css
INFO: [ app_init ] --START--
INFO: Run Behavior\BuildLiteBehavior [ RunTime:0.000016s ]
INFO: [ app_init ] --END-- [ RunTime:0.000478s ]
ERR: 无法加载模块:Public

[ 2016-12-13T18:06:19+08:00 ] 127.0.0.1 /h5_2014_xishuashua/xishuashua/Public/admin/fonts/glyphicons-halflings-regular.woff2
INFO: [ app_init ] --START--
INFO: Run Behavior\BuildLiteBehavior [ RunTime:0.000056s ]
INFO: [ app_init ] --END-- [ RunTime:0.001150s ]
ERR: 无法加载模块:Public

[ 2016-12-13T18:11:44+08:00 ] 127.0.0.1 /h5_2014_xishuashua/xishuashua/Public/admin/fonts/glyphicons-halflings-regular.woff2
INFO: [ app_init ] --START--
INFO: Run Behavior\BuildLiteBehavior [ RunTime:0.000194s ]
INFO: [ app_init ] --END-- [ RunTime:0.001930s ]
ERR: 无法加载模块:Public

[ 2016-12-13T18:12:32+08:00 ] 127.0.0.1 /h5_2014_xishuashua/xishuashua/Public/admin/fonts/glyphicons-halflings-regular.woff2
INFO: [ app_init ] --START--
INFO: Run Behavior\BuildLiteBehavior [ RunTime:0.000058s ]
INFO: [ app_init ] --END-- [ RunTime:0.001344s ]
ERR: 无法加载模块:Public

[ 2016-12-13T18:25:09+08:00 ] 127.0.0.1 /h5_2014_xishuashua/xishuashua/Public/admin/fonts/glyphicons-halflings-regular.woff2
INFO: [ app_init ] --START--
INFO: Run Behavior\BuildLiteBehavior [ RunTime:0.000032s ]
INFO: [ app_init ] --END-- [ RunTime:0.001042s ]
ERR: 无法加载模块:Public

[ 2016-12-13T18:26:53+08:00 ] 127.0.0.1 /h5_2014_xishuashua/xishuashua/Public/admin//lanrenzhijia.css
INFO: [ app_init ] --START--
INFO: Run Behavior\BuildLiteBehavior [ RunTime:0.000025s ]
INFO: [ app_init ] --END-- [ RunTime:0.000770s ]
ERR: 无法加载模块:Public

[ 2016-12-13T18:26:53+08:00 ] 127.0.0.1 /h5_2014_xishuashua/xishuashua/Public/admin/fonts/glyphicons-halflings-regular.woff2
INFO: [ app_init ] --START--
INFO: Run Behavior\BuildLiteBehavior [ RunTime:0.000023s ]
INFO: [ app_init ] --END-- [ RunTime:0.000682s ]
ERR: 无法加载模块:Public

[ 2016-12-13T18:27:12+08:00 ] 127.0.0.1 /h5_2014_xishuashua/xishuashua/Public/admin//lanrenzhijia.css
INFO: [ app_init ] --START--
INFO: Run Behavior\BuildLiteBehavior [ RunTime:0.000027s ]
INFO: [ app_init ] --END-- [ RunTime:0.000626s ]
ERR: 无法加载模块:Public

[ 2016-12-13T18:27:12+08:00 ] 127.0.0.1 /h5_2014_xishuashua/xishuashua/Public/admin/fonts/glyphicons-halflings-regular.woff2
INFO: [ app_init ] --START--
INFO: Run Behavior\BuildLiteBehavior [ RunTime:0.000024s ]
INFO: [ app_init ] --END-- [ RunTime:0.000719s ]
ERR: 无法加载模块:Public

[ 2016-12-13T18:27:55+08:00 ] 127.0.0.1 /h5_2014_xishuashua/xishuashua/Public/admin//lanrenzhijia.css
INFO: [ app_init ] --START--
INFO: Run Behavior\BuildLiteBehavior [ RunTime:0.000030s ]
INFO: [ app_init ] --END-- [ RunTime:0.000573s ]
ERR: 无法加载模块:Public

[ 2016-12-13T18:27:55+08:00 ] 127.0.0.1 /h5_2014_xishuashua/xishuashua/Public/admin/fonts/glyphicons-halflings-regular.woff2
INFO: [ app_init ] --START--
INFO: Run Behavior\BuildLiteBehavior [ RunTime:0.000031s ]
INFO: [ app_init ] --END-- [ RunTime:0.000898s ]
ERR: 无法加载模块:Public

[ 2016-12-13T18:29:01+08:00 ] 127.0.0.1 /h5_2014_xishuashua/xishuashua/Public/admin/lanrenzhijia.css
INFO: [ app_init ] --START--
INFO: Run Behavior\BuildLiteBehavior [ RunTime:0.000016s ]
INFO: [ app_init ] --END-- [ RunTime:0.000551s ]
ERR: 无法加载模块:Public

[ 2016-12-13T18:29:01+08:00 ] 127.0.0.1 /h5_2014_xishuashua/xishuashua/Public/admin/fonts/glyphicons-halflings-regular.woff2
INFO: [ app_init ] --START--
INFO: Run Behavior\BuildLiteBehavior [ RunTime:0.000031s ]
INFO: [ app_init ] --END-- [ RunTime:0.000839s ]
ERR: 无法加载模块:Public

[ 2016-12-13T18:31:55+08:00 ] 127.0.0.1 /h5_2014_xishuashua/xishuashua/Public/admin/fonts/glyphicons-halflings-regular.woff2
INFO: [ app_init ] --START--
INFO: Run Behavior\BuildLiteBehavior [ RunTime:0.000025s ]
INFO: [ app_init ] --END-- [ RunTime:0.000691s ]
ERR: 无法加载模块:Public

[ 2016-12-13T18:32:09+08:00 ] 127.0.0.1 /h5_2014_xishuashua/xishuashua/Public/admin/fonts/glyphicons-halflings-regular.woff2
INFO: [ app_init ] --START--
INFO: Run Behavior\BuildLiteBehavior [ RunTime:0.000025s ]
INFO: [ app_init ] --END-- [ RunTime:0.000721s ]
ERR: 无法加载模块:Public

