[ 2016-12-12T15:23:52+08:00 ] 127.0.0.1 /h5_2014_xishuashua/xishuashua/home/company/case
INFO: [ app_init ] --START--
INFO: Run Behavior\BuildLiteBehavior [ RunTime:0.000016s ]
INFO: [ app_init ] --END-- [ RunTime:0.000884s ]
INFO: [ app_begin ] --START--
INFO: Run Behavior\ReadHtmlCacheBehavior [ RunTime:0.001119s ]
INFO: [ app_begin ] --END-- [ RunTime:0.001199s ]
INFO: [ view_parse ] --START--
INFO: [ template_filter ] --START--
INFO: Run Behavior\ContentReplaceBehavior [ RunTime:0.000044s ]
INFO: [ template_filter ] --END-- [ RunTime:0.000107s ]
INFO: Run Behavior\ParseTemplateBehavior [ RunTime:0.014710s ]
INFO: [ view_parse ] --END-- [ RunTime:0.014838s ]
INFO: [ view_filter ] --START--
INFO: Run Behavior\WriteHtmlCacheBehavior [ RunTime:0.000818s ]
INFO: [ view_filter ] --END-- [ RunTime:0.000879s ]

[ 2016-12-12T15:23:55+08:00 ] 127.0.0.1 /h5_2014_xishuashua/xishuashua/index.php/Home/User/login.html
INFO: [ app_init ] --START--
INFO: Run Behavior\BuildLiteBehavior [ RunTime:0.000023s ]
INFO: [ app_init ] --END-- [ RunTime:0.000707s ]
INFO: [ app_begin ] --START--
INFO: Run Behavior\ReadHtmlCacheBehavior [ RunTime:0.000752s ]
INFO: [ app_begin ] --END-- [ RunTime:0.000837s ]
INFO: [ view_parse ] --START--
INFO: [ template_filter ] --START--
INFO: Run Behavior\ContentReplaceBehavior [ RunTime:0.000052s ]
INFO: [ template_filter ] --END-- [ RunTime:0.000119s ]
INFO: Run Behavior\ParseTemplateBehavior [ RunTime:0.044458s ]
INFO: [ view_parse ] --END-- [ RunTime:0.044535s ]
INFO: [ view_filter ] --START--
INFO: Run Behavior\WriteHtmlCacheBehavior [ RunTime:0.000548s ]
INFO: [ view_filter ] --END-- [ RunTime:0.000597s ]
INFO: [ app_end ] --START--
INFO: Run Behavior\ShowPageTraceBehavior [ RunTime:0.001147s ]
INFO: [ app_end ] --END-- [ RunTime:0.001228s ]

[ 2016-12-12T15:24:04+08:00 ] 127.0.0.1 /h5_2014_xishuashua/xishuashua/index.php/Home/User/login.html
INFO: [ app_init ] --START--
INFO: Run Behavior\BuildLiteBehavior [ RunTime:0.000014s ]
INFO: [ app_init ] --END-- [ RunTime:0.000544s ]
INFO: [ app_begin ] --START--
INFO: Run Behavior\ReadHtmlCacheBehavior [ RunTime:0.000903s ]
INFO: [ app_begin ] --END-- [ RunTime:0.000982s ]
SQL: SHOW COLUMNS FROM `admin` [ RunTime:0.1008s ]
SQL: SELECT * FROM `admin` WHERE `admin` = 'root' AND `password` = '123456' LIMIT 1   [ RunTime:0.0014s ]
INFO: [ view_parse ] --START--
INFO: [ template_filter ] --START--
INFO: Run Behavior\ContentReplaceBehavior [ RunTime:0.000046s ]
INFO: [ template_filter ] --END-- [ RunTime:0.000111s ]
INFO: Run Behavior\ParseTemplateBehavior [ RunTime:0.032465s ]
INFO: [ view_parse ] --END-- [ RunTime:0.032589s ]
INFO: [ view_filter ] --START--
INFO: Run Behavior\WriteHtmlCacheBehavior [ RunTime:0.000543s ]
INFO: [ view_filter ] --END-- [ RunTime:0.000618s ]
INFO: [ app_end ] --START--
INFO: Run Behavior\ShowPageTraceBehavior [ RunTime:0.000776s ]
INFO: [ app_end ] --END-- [ RunTime:0.000828s ]

[ 2016-12-12T15:24:05+08:00 ] 127.0.0.1 /h5_2014_xishuashua/xishuashua/index.php/Home/Index/index.html
INFO: [ app_init ] --START--
INFO: Run Behavior\BuildLiteBehavior [ RunTime:0.000029s ]
INFO: [ app_init ] --END-- [ RunTime:0.000935s ]
INFO: [ app_begin ] --START--
INFO: Run Behavior\ReadHtmlCacheBehavior [ RunTime:0.001028s ]
INFO: [ app_begin ] --END-- [ RunTime:0.001132s ]
INFO: [ view_parse ] --START--
INFO: [ template_filter ] --START--
INFO: Run Behavior\ContentReplaceBehavior [ RunTime:0.000127s ]
INFO: [ template_filter ] --END-- [ RunTime:0.000234s ]
INFO: Run Behavior\ParseTemplateBehavior [ RunTime:0.039051s ]
INFO: [ view_parse ] --END-- [ RunTime:0.039163s ]
INFO: [ view_filter ] --START--
INFO: Run Behavior\WriteHtmlCacheBehavior [ RunTime:0.000873s ]
INFO: [ view_filter ] --END-- [ RunTime:0.000966s ]
INFO: [ app_end ] --START--
INFO: Run Behavior\ShowPageTraceBehavior [ RunTime:0.001427s ]
INFO: [ app_end ] --END-- [ RunTime:0.001529s ]

[ 2016-12-12T15:24:11+08:00 ] 127.0.0.1 /h5_2014_xishuashua/xishuashua/index.php/Home/company/case
INFO: [ app_init ] --START--
INFO: Run Behavior\BuildLiteBehavior [ RunTime:0.000014s ]
INFO: [ app_init ] --END-- [ RunTime:0.000581s ]
INFO: [ app_begin ] --START--
INFO: Run Behavior\ReadHtmlCacheBehavior [ RunTime:0.000744s ]
INFO: [ app_begin ] --END-- [ RunTime:0.000802s ]
NOTIC: [8] Use of undefined constant ture - assumed 'ture' F:\h5\apache2.2+php5.3 win32\webserver\apache2.2\htdocs\h5_2014_xishuashua\xishuashua\Application\Common\Common\function.php 第 8 行.
INFO: [ view_parse ] --START--
INFO: [ template_filter ] --START--
INFO: Run Behavior\ContentReplaceBehavior [ RunTime:0.000082s ]
INFO: [ template_filter ] --END-- [ RunTime:0.000172s ]
INFO: Run Behavior\ParseTemplateBehavior [ RunTime:0.028401s ]
INFO: [ view_parse ] --END-- [ RunTime:0.028470s ]
INFO: [ view_filter ] --START--
INFO: Run Behavior\WriteHtmlCacheBehavior [ RunTime:0.000527s ]
INFO: [ view_filter ] --END-- [ RunTime:0.000577s ]
INFO: [ app_end ] --START--
INFO: Run Behavior\ShowPageTraceBehavior [ RunTime:0.000939s ]
INFO: [ app_end ] --END-- [ RunTime:0.001047s ]

[ 2016-12-12T15:24:11+08:00 ] 127.0.0.1 /h5_2014_xishuashua/xishuashua/index.php/Home/company/js/jquery-ui.js
INFO: [ app_init ] --START--
INFO: Run Behavior\BuildLiteBehavior [ RunTime:0.000015s ]
INFO: [ app_init ] --END-- [ RunTime:0.000479s ]
INFO: [ app_begin ] --START--
INFO: Run Behavior\ReadHtmlCacheBehavior [ RunTime:0.000639s ]
INFO: [ app_begin ] --END-- [ RunTime:0.000705s ]
NOTIC: [8] Use of undefined constant ture - assumed 'ture' F:\h5\apache2.2+php5.3 win32\webserver\apache2.2\htdocs\h5_2014_xishuashua\xishuashua\Application\Common\Common\function.php 第 8 行.
ERR: 非法操作:js

[ 2016-12-12T15:25:03+08:00 ] 127.0.0.1 /h5_2014_xishuashua/xishuashua/index.php/Home/company/case
INFO: [ app_init ] --START--
INFO: Run Behavior\BuildLiteBehavior [ RunTime:0.000016s ]
INFO: [ app_init ] --END-- [ RunTime:0.000625s ]
INFO: [ app_begin ] --START--
INFO: Run Behavior\ReadHtmlCacheBehavior [ RunTime:0.000781s ]
INFO: [ app_begin ] --END-- [ RunTime:0.000841s ]
NOTIC: [8] Use of undefined constant ture - assumed 'ture' F:\h5\apache2.2+php5.3 win32\webserver\apache2.2\htdocs\h5_2014_xishuashua\xishuashua\Application\Common\Common\function.php 第 8 行.
INFO: [ view_parse ] --START--
INFO: [ template_filter ] --START--
INFO: Run Behavior\ContentReplaceBehavior [ RunTime:0.000083s ]
INFO: [ template_filter ] --END-- [ RunTime:0.000148s ]
INFO: Run Behavior\ParseTemplateBehavior [ RunTime:0.014913s ]
INFO: [ view_parse ] --END-- [ RunTime:0.014977s ]
INFO: [ view_filter ] --START--
INFO: Run Behavior\WriteHtmlCacheBehavior [ RunTime:0.000575s ]
INFO: [ view_filter ] --END-- [ RunTime:0.000625s ]
INFO: [ app_end ] --START--
INFO: Run Behavior\ShowPageTraceBehavior [ RunTime:0.000836s ]
INFO: [ app_end ] --END-- [ RunTime:0.000889s ]

[ 2016-12-12T15:25:03+08:00 ] 127.0.0.1 /h5_2014_xishuashua/xishuashua/index.php/Home/company/js/jquery-ui.js
INFO: [ app_init ] --START--
INFO: Run Behavior\BuildLiteBehavior [ RunTime:0.000030s ]
INFO: [ app_init ] --END-- [ RunTime:0.000915s ]
INFO: [ app_begin ] --START--
INFO: Run Behavior\ReadHtmlCacheBehavior [ RunTime:0.001272s ]
INFO: [ app_begin ] --END-- [ RunTime:0.001421s ]
NOTIC: [8] Use of undefined constant ture - assumed 'ture' F:\h5\apache2.2+php5.3 win32\webserver\apache2.2\htdocs\h5_2014_xishuashua\xishuashua\Application\Common\Common\function.php 第 8 行.
ERR: 非法操作:js

[ 2016-12-12T15:25:24+08:00 ] 127.0.0.1 /h5_2014_xishuashua/xishuashua/index.php/Home/company/case
INFO: [ app_init ] --START--
INFO: Run Behavior\BuildLiteBehavior [ RunTime:0.000047s ]
INFO: [ app_init ] --END-- [ RunTime:0.002171s ]
INFO: [ app_begin ] --START--
INFO: Run Behavior\ReadHtmlCacheBehavior [ RunTime:0.001208s ]
INFO: [ app_begin ] --END-- [ RunTime:0.001313s ]
NOTIC: [8] Use of undefined constant ture - assumed 'ture' F:\h5\apache2.2+php5.3 win32\webserver\apache2.2\htdocs\h5_2014_xishuashua\xishuashua\Application\Common\Common\function.php 第 8 行.
INFO: [ view_parse ] --START--
INFO: [ template_filter ] --START--
INFO: Run Behavior\ContentReplaceBehavior [ RunTime:0.000123s ]
INFO: [ template_filter ] --END-- [ RunTime:0.000222s ]
INFO: Run Behavior\ParseTemplateBehavior [ RunTime:0.023875s ]
INFO: [ view_parse ] --END-- [ RunTime:0.023956s ]
INFO: [ view_filter ] --START--
INFO: Run Behavior\WriteHtmlCacheBehavior [ RunTime:0.000564s ]
INFO: [ view_filter ] --END-- [ RunTime:0.000613s ]
INFO: [ app_end ] --START--
INFO: Run Behavior\ShowPageTraceBehavior [ RunTime:0.000796s ]
INFO: [ app_end ] --END-- [ RunTime:0.000849s ]

[ 2016-12-12T15:25:25+08:00 ] 127.0.0.1 /h5_2014_xishuashua/xishuashua/index.php/Home/company/js/jquery-ui.js
INFO: [ app_init ] --START--
INFO: Run Behavior\BuildLiteBehavior [ RunTime:0.000017s ]
INFO: [ app_init ] --END-- [ RunTime:0.000590s ]
INFO: [ app_begin ] --START--
INFO: Run Behavior\ReadHtmlCacheBehavior [ RunTime:0.000764s ]
INFO: [ app_begin ] --END-- [ RunTime:0.000836s ]
NOTIC: [8] Use of undefined constant ture - assumed 'ture' F:\h5\apache2.2+php5.3 win32\webserver\apache2.2\htdocs\h5_2014_xishuashua\xishuashua\Application\Common\Common\function.php 第 8 行.
ERR: 非法操作:js

[ 2016-12-12T15:25:28+08:00 ] 127.0.0.1 /h5_2014_xishuashua/xishuashua/index.php/Home/company/case
INFO: [ app_init ] --START--
INFO: Run Behavior\BuildLiteBehavior [ RunTime:0.000016s ]
INFO: [ app_init ] --END-- [ RunTime:0.000560s ]
INFO: [ app_begin ] --START--
INFO: Run Behavior\ReadHtmlCacheBehavior [ RunTime:0.000705s ]
INFO: [ app_begin ] --END-- [ RunTime:0.000763s ]
NOTIC: [8] Use of undefined constant ture - assumed 'ture' F:\h5\apache2.2+php5.3 win32\webserver\apache2.2\htdocs\h5_2014_xishuashua\xishuashua\Application\Common\Common\function.php 第 8 行.
INFO: [ view_parse ] --START--
INFO: [ template_filter ] --START--
INFO: Run Behavior\ContentReplaceBehavior [ RunTime:0.000080s ]
INFO: [ template_filter ] --END-- [ RunTime:0.000149s ]
INFO: Run Behavior\ParseTemplateBehavior [ RunTime:0.009672s ]
INFO: [ view_parse ] --END-- [ RunTime:0.009735s ]
INFO: [ view_filter ] --START--
INFO: Run Behavior\WriteHtmlCacheBehavior [ RunTime:0.000573s ]
INFO: [ view_filter ] --END-- [ RunTime:0.000623s ]
INFO: [ app_end ] --START--
INFO: Run Behavior\ShowPageTraceBehavior [ RunTime:0.000748s ]
INFO: [ app_end ] --END-- [ RunTime:0.000799s ]

[ 2016-12-12T15:25:28+08:00 ] 127.0.0.1 /h5_2014_xishuashua/xishuashua/index.php/Home/company/js/jquery-ui.js
INFO: [ app_init ] --START--
INFO: Run Behavior\BuildLiteBehavior [ RunTime:0.000018s ]
INFO: [ app_init ] --END-- [ RunTime:0.000610s ]
INFO: [ app_begin ] --START--
INFO: Run Behavior\ReadHtmlCacheBehavior [ RunTime:0.001452s ]
INFO: [ app_begin ] --END-- [ RunTime:0.001659s ]
NOTIC: [8] Use of undefined constant ture - assumed 'ture' F:\h5\apache2.2+php5.3 win32\webserver\apache2.2\htdocs\h5_2014_xishuashua\xishuashua\Application\Common\Common\function.php 第 8 行.
ERR: 非法操作:js

[ 2016-12-12T15:26:08+08:00 ] 127.0.0.1 /h5_2014_xishuashua/xishuashua/index.php/Home/company/casepicture
INFO: [ app_init ] --START--
INFO: Run Behavior\BuildLiteBehavior [ RunTime:0.000030s ]
INFO: [ app_init ] --END-- [ RunTime:0.001081s ]
INFO: [ app_begin ] --START--
INFO: Run Behavior\ReadHtmlCacheBehavior [ RunTime:0.001244s ]
INFO: [ app_begin ] --END-- [ RunTime:0.001366s ]
NOTIC: [8] Use of undefined constant ture - assumed 'ture' F:\h5\apache2.2+php5.3 win32\webserver\apache2.2\htdocs\h5_2014_xishuashua\xishuashua\Application\Common\Common\function.php 第 8 行.
INFO: [ view_parse ] --START--
INFO: [ template_filter ] --START--
INFO: Run Behavior\ContentReplaceBehavior [ RunTime:0.000081s ]
INFO: [ template_filter ] --END-- [ RunTime:0.000143s ]
NOTIC: [8] Undefined variable: a F:\h5\apache2.2+php5.3 win32\webserver\apache2.2\htdocs\h5_2014_xishuashua\xishuashua\Application\Runtime\Cache\Home\0f0015d6e9413a98682a2024c941c8e8.php 第 92 行.
NOTIC: [8] Undefined variable: a F:\h5\apache2.2+php5.3 win32\webserver\apache2.2\htdocs\h5_2014_xishuashua\xishuashua\Application\Runtime\Cache\Home\0f0015d6e9413a98682a2024c941c8e8.php 第 95 行.
INFO: Run Behavior\ParseTemplateBehavior [ RunTime:0.010207s ]
INFO: [ view_parse ] --END-- [ RunTime:0.010285s ]
INFO: [ view_filter ] --START--
INFO: Run Behavior\WriteHtmlCacheBehavior [ RunTime:0.000566s ]
INFO: [ view_filter ] --END-- [ RunTime:0.000617s ]
INFO: [ app_end ] --START--
INFO: Run Behavior\ShowPageTraceBehavior [ RunTime:0.000880s ]
INFO: [ app_end ] --END-- [ RunTime:0.000931s ]

[ 2016-12-12T15:26:08+08:00 ] 127.0.0.1 /h5_2014_xishuashua/xishuashua/index.php/Home/company/js/jquery-ui.js
INFO: [ app_init ] --START--
INFO: Run Behavior\BuildLiteBehavior [ RunTime:0.000014s ]
INFO: [ app_init ] --END-- [ RunTime:0.000553s ]
INFO: [ app_begin ] --START--
INFO: Run Behavior\ReadHtmlCacheBehavior [ RunTime:0.001623s ]
INFO: [ app_begin ] --END-- [ RunTime:0.001766s ]
NOTIC: [8] Use of undefined constant ture - assumed 'ture' F:\h5\apache2.2+php5.3 win32\webserver\apache2.2\htdocs\h5_2014_xishuashua\xishuashua\Application\Common\Common\function.php 第 8 行.
ERR: 非法操作:js

[ 2016-12-12T15:28:16+08:00 ] 127.0.0.1 /h5_2014_xishuashua/xishuashua/index.php/Home/company/casepicture
INFO: [ app_init ] --START--
INFO: Run Behavior\BuildLiteBehavior [ RunTime:0.000015s ]
INFO: [ app_init ] --END-- [ RunTime:0.000510s ]
INFO: [ app_begin ] --START--
INFO: Run Behavior\ReadHtmlCacheBehavior [ RunTime:0.000782s ]
INFO: [ app_begin ] --END-- [ RunTime:0.000843s ]
NOTIC: [8] Use of undefined constant ture - assumed 'ture' F:\h5\apache2.2+php5.3 win32\webserver\apache2.2\htdocs\h5_2014_xishuashua\xishuashua\Application\Common\Common\function.php 第 8 行.
INFO: [ view_parse ] --START--
INFO: [ template_filter ] --START--
INFO: Run Behavior\ContentReplaceBehavior [ RunTime:0.000080s ]
INFO: [ template_filter ] --END-- [ RunTime:0.000140s ]
NOTIC: [8] Undefined variable: a F:\h5\apache2.2+php5.3 win32\webserver\apache2.2\htdocs\h5_2014_xishuashua\xishuashua\Application\Runtime\Cache\Home\0f0015d6e9413a98682a2024c941c8e8.php 第 92 行.
NOTIC: [8] Undefined variable: a F:\h5\apache2.2+php5.3 win32\webserver\apache2.2\htdocs\h5_2014_xishuashua\xishuashua\Application\Runtime\Cache\Home\0f0015d6e9413a98682a2024c941c8e8.php 第 95 行.
INFO: Run Behavior\ParseTemplateBehavior [ RunTime:0.013884s ]
INFO: [ view_parse ] --END-- [ RunTime:0.013950s ]
INFO: [ view_filter ] --START--
INFO: Run Behavior\WriteHtmlCacheBehavior [ RunTime:0.000839s ]
INFO: [ view_filter ] --END-- [ RunTime:0.000926s ]
INFO: [ app_end ] --START--
INFO: Run Behavior\ShowPageTraceBehavior [ RunTime:0.001101s ]
INFO: [ app_end ] --END-- [ RunTime:0.001203s ]

[ 2016-12-12T15:28:16+08:00 ] 127.0.0.1 /h5_2014_xishuashua/xishuashua/index.php/Home/company/js/jquery-ui.js
INFO: [ app_init ] --START--
INFO: Run Behavior\BuildLiteBehavior [ RunTime:0.000017s ]
INFO: [ app_init ] --END-- [ RunTime:0.000558s ]
INFO: [ app_begin ] --START--
INFO: Run Behavior\ReadHtmlCacheBehavior [ RunTime:0.000769s ]
INFO: [ app_begin ] --END-- [ RunTime:0.000844s ]
NOTIC: [8] Use of undefined constant ture - assumed 'ture' F:\h5\apache2.2+php5.3 win32\webserver\apache2.2\htdocs\h5_2014_xishuashua\xishuashua\Application\Common\Common\function.php 第 8 行.
ERR: 非法操作:js

[ 2016-12-12T15:35:23+08:00 ] 127.0.0.1 /h5_2014_xishuashua/xishuashua/index.php/Home/company/casepicture
INFO: [ app_init ] --START--
INFO: Run Behavior\BuildLiteBehavior [ RunTime:0.000036s ]
INFO: [ app_init ] --END-- [ RunTime:0.001437s ]
INFO: [ app_begin ] --START--
INFO: Run Behavior\ReadHtmlCacheBehavior [ RunTime:0.001109s ]
INFO: [ app_begin ] --END-- [ RunTime:0.001208s ]
NOTIC: [8] Use of undefined constant ture - assumed 'ture' F:\h5\apache2.2+php5.3 win32\webserver\apache2.2\htdocs\h5_2014_xishuashua\xishuashua\Application\Common\Common\function.php 第 8 行.
INFO: [ view_parse ] --START--
INFO: [ template_filter ] --START--
INFO: Run Behavior\ContentReplaceBehavior [ RunTime:0.000094s ]
INFO: [ template_filter ] --END-- [ RunTime:0.000185s ]
NOTIC: [8] Undefined variable: a F:\h5\apache2.2+php5.3 win32\webserver\apache2.2\htdocs\h5_2014_xishuashua\xishuashua\Application\Runtime\Cache\Home\0f0015d6e9413a98682a2024c941c8e8.php 第 102 行.
INFO: Run Behavior\ParseTemplateBehavior [ RunTime:0.010667s ]
INFO: [ view_parse ] --END-- [ RunTime:0.010767s ]
INFO: [ view_filter ] --START--
INFO: Run Behavior\WriteHtmlCacheBehavior [ RunTime:0.000659s ]
INFO: [ view_filter ] --END-- [ RunTime:0.000757s ]
INFO: [ app_end ] --START--
INFO: Run Behavior\ShowPageTraceBehavior [ RunTime:0.000830s ]
INFO: [ app_end ] --END-- [ RunTime:0.000884s ]

[ 2016-12-12T15:35:23+08:00 ] 127.0.0.1 /h5_2014_xishuashua/xishuashua/index.php/Home/company/js/jquery-ui.js
INFO: [ app_init ] --START--
INFO: Run Behavior\BuildLiteBehavior [ RunTime:0.000017s ]
INFO: [ app_init ] --END-- [ RunTime:0.000668s ]
INFO: [ app_begin ] --START--
INFO: Run Behavior\ReadHtmlCacheBehavior [ RunTime:0.001110s ]
INFO: [ app_begin ] --END-- [ RunTime:0.001206s ]
NOTIC: [8] Use of undefined constant ture - assumed 'ture' F:\h5\apache2.2+php5.3 win32\webserver\apache2.2\htdocs\h5_2014_xishuashua\xishuashua\Application\Common\Common\function.php 第 8 行.
ERR: 非法操作:js

[ 2016-12-12T15:35:23+08:00 ] 127.0.0.1 /h5_2014_xishuashua/xishuashua/index.php/Home/company/js/jquery-ui.js
INFO: [ app_init ] --START--
INFO: Run Behavior\BuildLiteBehavior [ RunTime:0.000018s ]
INFO: [ app_init ] --END-- [ RunTime:0.001281s ]
INFO: [ app_begin ] --START--
INFO: Run Behavior\ReadHtmlCacheBehavior [ RunTime:0.000819s ]
INFO: [ app_begin ] --END-- [ RunTime:0.000884s ]
NOTIC: [8] Use of undefined constant ture - assumed 'ture' F:\h5\apache2.2+php5.3 win32\webserver\apache2.2\htdocs\h5_2014_xishuashua\xishuashua\Application\Common\Common\function.php 第 8 行.
ERR: 非法操作:js

[ 2016-12-12T15:39:21+08:00 ] 127.0.0.1 /h5_2014_xishuashua/xishuashua/index.php/Home/company/case
INFO: [ app_init ] --START--
INFO: Run Behavior\BuildLiteBehavior [ RunTime:0.000023s ]
INFO: [ app_init ] --END-- [ RunTime:0.000900s ]
INFO: [ app_begin ] --START--
INFO: Run Behavior\ReadHtmlCacheBehavior [ RunTime:0.001309s ]
INFO: [ app_begin ] --END-- [ RunTime:0.001410s ]
NOTIC: [8] Use of undefined constant ture - assumed 'ture' F:\h5\apache2.2+php5.3 win32\webserver\apache2.2\htdocs\h5_2014_xishuashua\xishuashua\Application\Common\Common\function.php 第 8 行.
INFO: [ view_parse ] --START--
INFO: [ template_filter ] --START--
INFO: Run Behavior\ContentReplaceBehavior [ RunTime:0.000134s ]
INFO: [ template_filter ] --END-- [ RunTime:0.000244s ]
INFO: Run Behavior\ParseTemplateBehavior [ RunTime:0.014822s ]
INFO: [ view_parse ] --END-- [ RunTime:0.014924s ]
INFO: [ view_filter ] --START--
INFO: Run Behavior\WriteHtmlCacheBehavior [ RunTime:0.000813s ]
INFO: [ view_filter ] --END-- [ RunTime:0.000896s ]
INFO: [ app_end ] --START--
INFO: Run Behavior\ShowPageTraceBehavior [ RunTime:0.001679s ]
INFO: [ app_end ] --END-- [ RunTime:0.001797s ]

[ 2016-12-12T15:39:21+08:00 ] 127.0.0.1 /h5_2014_xishuashua/xishuashua/index.php/Home/company/js/jquery-ui.js
INFO: [ app_init ] --START--
INFO: Run Behavior\BuildLiteBehavior [ RunTime:0.000024s ]
INFO: [ app_init ] --END-- [ RunTime:0.000648s ]
INFO: [ app_begin ] --START--
INFO: Run Behavior\ReadHtmlCacheBehavior [ RunTime:0.000892s ]
INFO: [ app_begin ] --END-- [ RunTime:0.001021s ]
NOTIC: [8] Use of undefined constant ture - assumed 'ture' F:\h5\apache2.2+php5.3 win32\webserver\apache2.2\htdocs\h5_2014_xishuashua\xishuashua\Application\Common\Common\function.php 第 8 行.
ERR: 非法操作:js

[ 2016-12-12T15:39:34+08:00 ] 127.0.0.1 /h5_2014_xishuashua/xishuashua/index.php/Home/company/case
INFO: [ app_init ] --START--
INFO: Run Behavior\BuildLiteBehavior [ RunTime:0.000027s ]
INFO: [ app_init ] --END-- [ RunTime:0.000996s ]
INFO: [ app_begin ] --START--
INFO: Run Behavior\ReadHtmlCacheBehavior [ RunTime:0.001335s ]
INFO: [ app_begin ] --END-- [ RunTime:0.001465s ]
NOTIC: [8] Use of undefined constant ture - assumed 'ture' F:\h5\apache2.2+php5.3 win32\webserver\apache2.2\htdocs\h5_2014_xishuashua\xishuashua\Application\Common\Common\function.php 第 8 行.
INFO: [ view_parse ] --START--
INFO: [ template_filter ] --START--
INFO: Run Behavior\ContentReplaceBehavior [ RunTime:0.000099s ]
INFO: [ template_filter ] --END-- [ RunTime:0.000174s ]
INFO: Run Behavior\ParseTemplateBehavior [ RunTime:0.014209s ]
INFO: [ view_parse ] --END-- [ RunTime:0.014291s ]
INFO: [ view_filter ] --START--
INFO: Run Behavior\WriteHtmlCacheBehavior [ RunTime:0.000546s ]
INFO: [ view_filter ] --END-- [ RunTime:0.000607s ]
INFO: [ app_end ] --START--
INFO: Run Behavior\ShowPageTraceBehavior [ RunTime:0.000846s ]
INFO: [ app_end ] --END-- [ RunTime:0.000915s ]

[ 2016-12-12T15:39:34+08:00 ] 127.0.0.1 /h5_2014_xishuashua/xishuashua/index.php/Home/company/js/jquery-ui.js
INFO: [ app_init ] --START--
INFO: Run Behavior\BuildLiteBehavior [ RunTime:0.000026s ]
INFO: [ app_init ] --END-- [ RunTime:0.000882s ]
INFO: [ app_begin ] --START--
INFO: Run Behavior\ReadHtmlCacheBehavior [ RunTime:0.000777s ]
INFO: [ app_begin ] --END-- [ RunTime:0.000854s ]
NOTIC: [8] Use of undefined constant ture - assumed 'ture' F:\h5\apache2.2+php5.3 win32\webserver\apache2.2\htdocs\h5_2014_xishuashua\xishuashua\Application\Common\Common\function.php 第 8 行.
ERR: 非法操作:js

[ 2016-12-12T15:42:53+08:00 ] 127.0.0.1 /h5_2014_xishuashua/xishuashua/home/company/case
INFO: [ app_init ] --START--
INFO: Run Behavior\BuildLiteBehavior [ RunTime:0.000026s ]
INFO: [ app_init ] --END-- [ RunTime:0.000945s ]
INFO: [ app_begin ] --START--
INFO: Run Behavior\ReadHtmlCacheBehavior [ RunTime:0.001355s ]
INFO: [ app_begin ] --END-- [ RunTime:0.001467s ]
NOTIC: [8] Use of undefined constant ture - assumed 'ture' F:\h5\apache2.2+php5.3 win32\webserver\apache2.2\htdocs\h5_2014_xishuashua\xishuashua\Application\Common\Common\function.php 第 8 行.
INFO: [ view_parse ] --START--
INFO: [ template_filter ] --START--
INFO: Run Behavior\ContentReplaceBehavior [ RunTime:0.000085s ]
INFO: [ template_filter ] --END-- [ RunTime:0.000153s ]
INFO: Run Behavior\ParseTemplateBehavior [ RunTime:0.009194s ]
INFO: [ view_parse ] --END-- [ RunTime:0.009266s ]
INFO: [ view_filter ] --START--
INFO: Run Behavior\WriteHtmlCacheBehavior [ RunTime:0.000512s ]
INFO: [ view_filter ] --END-- [ RunTime:0.000561s ]
INFO: [ app_end ] --START--
INFO: Run Behavior\ShowPageTraceBehavior [ RunTime:0.000822s ]
INFO: [ app_end ] --END-- [ RunTime:0.000874s ]

[ 2016-12-12T15:42:53+08:00 ] 127.0.0.1 /h5_2014_xishuashua/xishuashua/home/company/js/jquery-ui.js
INFO: [ app_init ] --START--
INFO: Run Behavior\BuildLiteBehavior [ RunTime:0.000036s ]
INFO: [ app_init ] --END-- [ RunTime:0.000814s ]
INFO: [ app_begin ] --START--
INFO: Run Behavior\ReadHtmlCacheBehavior [ RunTime:0.000800s ]
INFO: [ app_begin ] --END-- [ RunTime:0.000918s ]
NOTIC: [8] Use of undefined constant ture - assumed 'ture' F:\h5\apache2.2+php5.3 win32\webserver\apache2.2\htdocs\h5_2014_xishuashua\xishuashua\Application\Common\Common\function.php 第 8 行.
ERR: 非法操作:js

[ 2016-12-12T15:43:02+08:00 ] 127.0.0.1 /h5_2014_xishuashua/xishuashua/index.php/Home/company/case
INFO: [ app_init ] --START--
INFO: Run Behavior\BuildLiteBehavior [ RunTime:0.000017s ]
INFO: [ app_init ] --END-- [ RunTime:0.000516s ]
INFO: [ app_begin ] --START--
INFO: Run Behavior\ReadHtmlCacheBehavior [ RunTime:0.000728s ]
INFO: [ app_begin ] --END-- [ RunTime:0.000793s ]
NOTIC: [8] Use of undefined constant ture - assumed 'ture' F:\h5\apache2.2+php5.3 win32\webserver\apache2.2\htdocs\h5_2014_xishuashua\xishuashua\Application\Common\Common\function.php 第 8 行.
INFO: [ view_parse ] --START--
INFO: [ template_filter ] --START--
INFO: Run Behavior\ContentReplaceBehavior [ RunTime:0.000095s ]
INFO: [ template_filter ] --END-- [ RunTime:0.000178s ]
INFO: Run Behavior\ParseTemplateBehavior [ RunTime:0.009654s ]
INFO: [ view_parse ] --END-- [ RunTime:0.009718s ]
INFO: [ view_filter ] --START--
INFO: Run Behavior\WriteHtmlCacheBehavior [ RunTime:0.000576s ]
INFO: [ view_filter ] --END-- [ RunTime:0.000625s ]
INFO: [ app_end ] --START--
INFO: Run Behavior\ShowPageTraceBehavior [ RunTime:0.000804s ]
INFO: [ app_end ] --END-- [ RunTime:0.000856s ]

[ 2016-12-12T15:43:02+08:00 ] 127.0.0.1 /h5_2014_xishuashua/xishuashua/index.php/Home/company/js/jquery-ui.js
INFO: [ app_init ] --START--
INFO: Run Behavior\BuildLiteBehavior [ RunTime:0.000054s ]
INFO: [ app_init ] --END-- [ RunTime:0.001117s ]
INFO: [ app_begin ] --START--
INFO: Run Behavior\ReadHtmlCacheBehavior [ RunTime:0.000842s ]
INFO: [ app_begin ] --END-- [ RunTime:0.000916s ]
NOTIC: [8] Use of undefined constant ture - assumed 'ture' F:\h5\apache2.2+php5.3 win32\webserver\apache2.2\htdocs\h5_2014_xishuashua\xishuashua\Application\Common\Common\function.php 第 8 行.
ERR: 非法操作:js

[ 2016-12-12T15:43:08+08:00 ] 127.0.0.1 /h5_2014_xishuashua/xishuashua/index.php/Home/company/case
INFO: [ app_init ] --START--
INFO: Run Behavior\BuildLiteBehavior [ RunTime:0.000020s ]
INFO: [ app_init ] --END-- [ RunTime:0.000607s ]
INFO: [ app_begin ] --START--
INFO: Run Behavior\ReadHtmlCacheBehavior [ RunTime:0.000667s ]
INFO: [ app_begin ] --END-- [ RunTime:0.000750s ]
NOTIC: [8] Use of undefined constant ture - assumed 'ture' F:\h5\apache2.2+php5.3 win32\webserver\apache2.2\htdocs\h5_2014_xishuashua\xishuashua\Application\Common\Common\function.php 第 8 行.
INFO: [ view_parse ] --START--
INFO: [ template_filter ] --START--
INFO: Run Behavior\ContentReplaceBehavior [ RunTime:0.000085s ]
INFO: [ template_filter ] --END-- [ RunTime:0.000146s ]
INFO: Run Behavior\ParseTemplateBehavior [ RunTime:0.009173s ]
INFO: [ view_parse ] --END-- [ RunTime:0.009235s ]
INFO: [ view_filter ] --START--
INFO: Run Behavior\WriteHtmlCacheBehavior [ RunTime:0.000558s ]
INFO: [ view_filter ] --END-- [ RunTime:0.000608s ]
INFO: [ app_end ] --START--
INFO: Run Behavior\ShowPageTraceBehavior [ RunTime:0.000794s ]
INFO: [ app_end ] --END-- [ RunTime:0.000846s ]

[ 2016-12-12T15:43:08+08:00 ] 127.0.0.1 /h5_2014_xishuashua/xishuashua/index.php/Home/company/js/jquery-ui.js
INFO: [ app_init ] --START--
INFO: Run Behavior\BuildLiteBehavior [ RunTime:0.000019s ]
INFO: [ app_init ] --END-- [ RunTime:0.000652s ]
INFO: [ app_begin ] --START--
INFO: Run Behavior\ReadHtmlCacheBehavior [ RunTime:0.000643s ]
INFO: [ app_begin ] --END-- [ RunTime:0.000701s ]
NOTIC: [8] Use of undefined constant ture - assumed 'ture' F:\h5\apache2.2+php5.3 win32\webserver\apache2.2\htdocs\h5_2014_xishuashua\xishuashua\Application\Common\Common\function.php 第 8 行.
ERR: 非法操作:js

[ 2016-12-12T15:43:57+08:00 ] 127.0.0.1 /h5_2014_xishuashua/xishuashua/index.php/Home/company/case
INFO: [ app_init ] --START--
INFO: Run Behavior\BuildLiteBehavior [ RunTime:0.000015s ]
INFO: [ app_init ] --END-- [ RunTime:0.000607s ]
INFO: [ app_begin ] --START--
INFO: Run Behavior\ReadHtmlCacheBehavior [ RunTime:0.000808s ]
INFO: [ app_begin ] --END-- [ RunTime:0.000869s ]
NOTIC: [8] Use of undefined constant ture - assumed 'ture' F:\h5\apache2.2+php5.3 win32\webserver\apache2.2\htdocs\h5_2014_xishuashua\xishuashua\Application\Common\Common\function.php 第 8 行.
INFO: [ view_parse ] --START--
INFO: [ template_filter ] --START--
INFO: Run Behavior\ContentReplaceBehavior [ RunTime:0.000105s ]
INFO: [ template_filter ] --END-- [ RunTime:0.000224s ]
INFO: Run Behavior\ParseTemplateBehavior [ RunTime:0.010092s ]
INFO: [ view_parse ] --END-- [ RunTime:0.010156s ]
INFO: [ view_filter ] --START--
INFO: Run Behavior\WriteHtmlCacheBehavior [ RunTime:0.000584s ]
INFO: [ view_filter ] --END-- [ RunTime:0.000634s ]
INFO: [ app_end ] --START--
INFO: Run Behavior\ShowPageTraceBehavior [ RunTime:0.000830s ]
INFO: [ app_end ] --END-- [ RunTime:0.000883s ]

[ 2016-12-12T15:43:57+08:00 ] 127.0.0.1 /h5_2014_xishuashua/xishuashua/index.php/Home/company/js/jquery-ui.js
INFO: [ app_init ] --START--
INFO: Run Behavior\BuildLiteBehavior [ RunTime:0.000102s ]
INFO: [ app_init ] --END-- [ RunTime:0.001018s ]
INFO: [ app_begin ] --START--
INFO: Run Behavior\ReadHtmlCacheBehavior [ RunTime:0.000954s ]
INFO: [ app_begin ] --END-- [ RunTime:0.001057s ]
NOTIC: [8] Use of undefined constant ture - assumed 'ture' F:\h5\apache2.2+php5.3 win32\webserver\apache2.2\htdocs\h5_2014_xishuashua\xishuashua\Application\Common\Common\function.php 第 8 行.
ERR: 非法操作:js

[ 2016-12-12T15:44:04+08:00 ] 127.0.0.1 /h5_2014_xishuashua/xishuashua/index.php/Home/company/casepicture
INFO: [ app_init ] --START--
INFO: Run Behavior\BuildLiteBehavior [ RunTime:0.000024s ]
INFO: [ app_init ] --END-- [ RunTime:0.000555s ]
INFO: [ app_begin ] --START--
INFO: Run Behavior\ReadHtmlCacheBehavior [ RunTime:0.000668s ]
INFO: [ app_begin ] --END-- [ RunTime:0.000725s ]
NOTIC: [8] Use of undefined constant ture - assumed 'ture' F:\h5\apache2.2+php5.3 win32\webserver\apache2.2\htdocs\h5_2014_xishuashua\xishuashua\Application\Common\Common\function.php 第 8 行.
INFO: [ view_parse ] --START--
INFO: [ template_filter ] --START--
INFO: Run Behavior\ContentReplaceBehavior [ RunTime:0.000078s ]
INFO: [ template_filter ] --END-- [ RunTime:0.000142s ]
NOTIC: [8] Undefined variable: a F:\h5\apache2.2+php5.3 win32\webserver\apache2.2\htdocs\h5_2014_xishuashua\xishuashua\Application\Runtime\Cache\Home\0f0015d6e9413a98682a2024c941c8e8.php 第 102 行.
INFO: Run Behavior\ParseTemplateBehavior [ RunTime:0.008983s ]
INFO: [ view_parse ] --END-- [ RunTime:0.009040s ]
INFO: [ view_filter ] --START--
INFO: Run Behavior\WriteHtmlCacheBehavior [ RunTime:0.000636s ]
INFO: [ view_filter ] --END-- [ RunTime:0.000699s ]
INFO: [ app_end ] --START--
INFO: Run Behavior\ShowPageTraceBehavior [ RunTime:0.000948s ]
INFO: [ app_end ] --END-- [ RunTime:0.001011s ]

[ 2016-12-12T15:44:04+08:00 ] 127.0.0.1 /h5_2014_xishuashua/xishuashua/index.php/Home/company/js/jquery-ui.js
INFO: [ app_init ] --START--
INFO: Run Behavior\BuildLiteBehavior [ RunTime:0.000017s ]
INFO: [ app_init ] --END-- [ RunTime:0.000544s ]
INFO: [ app_begin ] --START--
INFO: Run Behavior\ReadHtmlCacheBehavior [ RunTime:0.000707s ]
INFO: [ app_begin ] --END-- [ RunTime:0.000783s ]
NOTIC: [8] Use of undefined constant ture - assumed 'ture' F:\h5\apache2.2+php5.3 win32\webserver\apache2.2\htdocs\h5_2014_xishuashua\xishuashua\Application\Common\Common\function.php 第 8 行.
ERR: 非法操作:js

[ 2016-12-12T15:44:44+08:00 ] 127.0.0.1 /h5_2014_xishuashua/xishuashua/index.php/Home/company/casepicture
INFO: [ app_init ] --START--
INFO: Run Behavior\BuildLiteBehavior [ RunTime:0.000018s ]
INFO: [ app_init ] --END-- [ RunTime:0.000656s ]
INFO: [ app_begin ] --START--
INFO: Run Behavior\ReadHtmlCacheBehavior [ RunTime:0.001003s ]
INFO: [ app_begin ] --END-- [ RunTime:0.001126s ]
NOTIC: [8] Use of undefined constant ture - assumed 'ture' F:\h5\apache2.2+php5.3 win32\webserver\apache2.2\htdocs\h5_2014_xishuashua\xishuashua\Application\Common\Common\function.php 第 8 行.
INFO: [ view_parse ] --START--
INFO: [ template_filter ] --START--
INFO: Run Behavior\ContentReplaceBehavior [ RunTime:0.000078s ]
INFO: [ template_filter ] --END-- [ RunTime:0.000136s ]
NOTIC: [8] Undefined variable: a F:\h5\apache2.2+php5.3 win32\webserver\apache2.2\htdocs\h5_2014_xishuashua\xishuashua\Application\Runtime\Cache\Home\0f0015d6e9413a98682a2024c941c8e8.php 第 102 行.
INFO: Run Behavior\ParseTemplateBehavior [ RunTime:0.008792s ]
INFO: [ view_parse ] --END-- [ RunTime:0.008850s ]
INFO: [ view_filter ] --START--
INFO: Run Behavior\WriteHtmlCacheBehavior [ RunTime:0.000531s ]
INFO: [ view_filter ] --END-- [ RunTime:0.000596s ]
INFO: [ app_end ] --START--
INFO: Run Behavior\ShowPageTraceBehavior [ RunTime:0.000798s ]
INFO: [ app_end ] --END-- [ RunTime:0.000851s ]

[ 2016-12-12T15:44:44+08:00 ] 127.0.0.1 /h5_2014_xishuashua/xishuashua/index.php/Home/company/js/jquery-ui.js
INFO: [ app_init ] --START--
INFO: Run Behavior\BuildLiteBehavior [ RunTime:0.000094s ]
INFO: [ app_init ] --END-- [ RunTime:0.000934s ]
INFO: [ app_begin ] --START--
INFO: Run Behavior\ReadHtmlCacheBehavior [ RunTime:0.000694s ]
INFO: [ app_begin ] --END-- [ RunTime:0.000767s ]
NOTIC: [8] Use of undefined constant ture - assumed 'ture' F:\h5\apache2.2+php5.3 win32\webserver\apache2.2\htdocs\h5_2014_xishuashua\xishuashua\Application\Common\Common\function.php 第 8 行.
ERR: 非法操作:js

[ 2016-12-12T15:44:44+08:00 ] 127.0.0.1 /h5_2014_xishuashua/xishuashua/index.php/Home/company/js/jquery-ui.js
INFO: [ app_init ] --START--
INFO: Run Behavior\BuildLiteBehavior [ RunTime:0.000018s ]
INFO: [ app_init ] --END-- [ RunTime:0.000537s ]
INFO: [ app_begin ] --START--
INFO: Run Behavior\ReadHtmlCacheBehavior [ RunTime:0.002036s ]
INFO: [ app_begin ] --END-- [ RunTime:0.002240s ]
NOTIC: [8] Use of undefined constant ture - assumed 'ture' F:\h5\apache2.2+php5.3 win32\webserver\apache2.2\htdocs\h5_2014_xishuashua\xishuashua\Application\Common\Common\function.php 第 8 行.
ERR: 非法操作:js

[ 2016-12-12T15:45:58+08:00 ] 127.0.0.1 /h5_2014_xishuashua/xishuashua/index.php/Home/company/casepicture
INFO: [ app_init ] --START--
INFO: Run Behavior\BuildLiteBehavior [ RunTime:0.000018s ]
INFO: [ app_init ] --END-- [ RunTime:0.000606s ]
INFO: [ app_begin ] --START--
INFO: Run Behavior\ReadHtmlCacheBehavior [ RunTime:0.000807s ]
INFO: [ app_begin ] --END-- [ RunTime:0.000875s ]
NOTIC: [8] Use of undefined constant ture - assumed 'ture' F:\h5\apache2.2+php5.3 win32\webserver\apache2.2\htdocs\h5_2014_xishuashua\xishuashua\Application\Common\Common\function.php 第 8 行.
INFO: [ view_parse ] --START--
INFO: [ template_filter ] --START--
INFO: Run Behavior\ContentReplaceBehavior [ RunTime:0.000093s ]
INFO: [ template_filter ] --END-- [ RunTime:0.000165s ]
INFO: Run Behavior\ParseTemplateBehavior [ RunTime:0.008290s ]
INFO: [ view_parse ] --END-- [ RunTime:0.008359s ]
INFO: [ view_filter ] --START--
INFO: Run Behavior\WriteHtmlCacheBehavior [ RunTime:0.000522s ]
INFO: [ view_filter ] --END-- [ RunTime:0.000581s ]
INFO: [ app_end ] --START--
INFO: Run Behavior\ShowPageTraceBehavior [ RunTime:0.000841s ]
INFO: [ app_end ] --END-- [ RunTime:0.000898s ]

[ 2016-12-12T15:45:58+08:00 ] 127.0.0.1 /h5_2014_xishuashua/xishuashua/index.php/Home/company/js/jquery-ui.js
INFO: [ app_init ] --START--
INFO: Run Behavior\BuildLiteBehavior [ RunTime:0.000017s ]
INFO: [ app_init ] --END-- [ RunTime:0.000505s ]
INFO: [ app_begin ] --START--
INFO: Run Behavior\ReadHtmlCacheBehavior [ RunTime:0.001037s ]
INFO: [ app_begin ] --END-- [ RunTime:0.001166s ]
NOTIC: [8] Use of undefined constant ture - assumed 'ture' F:\h5\apache2.2+php5.3 win32\webserver\apache2.2\htdocs\h5_2014_xishuashua\xishuashua\Application\Common\Common\function.php 第 8 行.
ERR: 非法操作:js

[ 2016-12-12T15:45:58+08:00 ] 127.0.0.1 /h5_2014_xishuashua/xishuashua/index.php/Home/company/js/jquery-ui.js
INFO: [ app_init ] --START--
INFO: Run Behavior\BuildLiteBehavior [ RunTime:0.000015s ]
INFO: [ app_init ] --END-- [ RunTime:0.000479s ]
INFO: [ app_begin ] --START--
INFO: Run Behavior\ReadHtmlCacheBehavior [ RunTime:0.001442s ]
INFO: [ app_begin ] --END-- [ RunTime:0.001581s ]
NOTIC: [8] Use of undefined constant ture - assumed 'ture' F:\h5\apache2.2+php5.3 win32\webserver\apache2.2\htdocs\h5_2014_xishuashua\xishuashua\Application\Common\Common\function.php 第 8 行.
ERR: 非法操作:js

[ 2016-12-12T16:13:08+08:00 ] 127.0.0.1 /h5_2014_xishuashua/xishuashua/index.php/Home/company/casepicture
INFO: [ app_init ] --START--
INFO: Run Behavior\BuildLiteBehavior [ RunTime:0.000024s ]
INFO: [ app_init ] --END-- [ RunTime:0.000922s ]
INFO: [ app_begin ] --START--
INFO: Run Behavior\ReadHtmlCacheBehavior [ RunTime:0.001488s ]
INFO: [ app_begin ] --END-- [ RunTime:0.001603s ]
NOTIC: [8] Use of undefined constant ture - assumed 'ture' F:\h5\apache2.2+php5.3 win32\webserver\apache2.2\htdocs\h5_2014_xishuashua\xishuashua\Application\Common\Common\function.php 第 8 行.
INFO: [ view_parse ] --START--
INFO: [ template_filter ] --START--
INFO: Run Behavior\ContentReplaceBehavior [ RunTime:0.000078s ]
INFO: [ template_filter ] --END-- [ RunTime:0.000134s ]
INFO: Run Behavior\ParseTemplateBehavior [ RunTime:0.009172s ]
INFO: [ view_parse ] --END-- [ RunTime:0.009254s ]
INFO: [ view_filter ] --START--
INFO: Run Behavior\WriteHtmlCacheBehavior [ RunTime:0.000510s ]
INFO: [ view_filter ] --END-- [ RunTime:0.000559s ]
INFO: [ app_end ] --START--
INFO: Run Behavior\ShowPageTraceBehavior [ RunTime:0.000770s ]
INFO: [ app_end ] --END-- [ RunTime:0.000822s ]

[ 2016-12-12T16:13:08+08:00 ] 127.0.0.1 /h5_2014_xishuashua/xishuashua/index.php/Home/company/js/jquery-ui.js
INFO: [ app_init ] --START--
INFO: Run Behavior\BuildLiteBehavior [ RunTime:0.000046s ]
INFO: [ app_init ] --END-- [ RunTime:0.001309s ]
INFO: [ app_begin ] --START--
INFO: Run Behavior\ReadHtmlCacheBehavior [ RunTime:0.000723s ]
INFO: [ app_begin ] --END-- [ RunTime:0.000800s ]
NOTIC: [8] Use of undefined constant ture - assumed 'ture' F:\h5\apache2.2+php5.3 win32\webserver\apache2.2\htdocs\h5_2014_xishuashua\xishuashua\Application\Common\Common\function.php 第 8 行.
ERR: 非法操作:js

[ 2016-12-12T16:13:11+08:00 ] 127.0.0.1 /h5_2014_xishuashua/xishuashua/index.php/Home/company/case
INFO: [ app_init ] --START--
INFO: Run Behavior\BuildLiteBehavior [ RunTime:0.000018s ]
INFO: [ app_init ] --END-- [ RunTime:0.000626s ]
INFO: [ app_begin ] --START--
INFO: Run Behavior\ReadHtmlCacheBehavior [ RunTime:0.000724s ]
INFO: [ app_begin ] --END-- [ RunTime:0.000791s ]
NOTIC: [8] Use of undefined constant ture - assumed 'ture' F:\h5\apache2.2+php5.3 win32\webserver\apache2.2\htdocs\h5_2014_xishuashua\xishuashua\Application\Common\Common\function.php 第 8 行.
INFO: [ view_parse ] --START--
INFO: [ template_filter ] --START--
INFO: Run Behavior\ContentReplaceBehavior [ RunTime:0.000108s ]
INFO: [ template_filter ] --END-- [ RunTime:0.000178s ]
INFO: Run Behavior\ParseTemplateBehavior [ RunTime:0.008445s ]
INFO: [ view_parse ] --END-- [ RunTime:0.008507s ]
INFO: [ view_filter ] --START--
INFO: Run Behavior\WriteHtmlCacheBehavior [ RunTime:0.000408s ]
INFO: [ view_filter ] --END-- [ RunTime:0.000458s ]
INFO: [ app_end ] --START--
INFO: Run Behavior\ShowPageTraceBehavior [ RunTime:0.000694s ]
INFO: [ app_end ] --END-- [ RunTime:0.000745s ]

[ 2016-12-12T16:13:11+08:00 ] 127.0.0.1 /h5_2014_xishuashua/xishuashua/index.php/Home/company/js/jquery-ui.js
INFO: [ app_init ] --START--
INFO: Run Behavior\BuildLiteBehavior [ RunTime:0.000032s ]
INFO: [ app_init ] --END-- [ RunTime:0.000815s ]
INFO: [ app_begin ] --START--
INFO: Run Behavior\ReadHtmlCacheBehavior [ RunTime:0.000922s ]
INFO: [ app_begin ] --END-- [ RunTime:0.001035s ]
NOTIC: [8] Use of undefined constant ture - assumed 'ture' F:\h5\apache2.2+php5.3 win32\webserver\apache2.2\htdocs\h5_2014_xishuashua\xishuashua\Application\Common\Common\function.php 第 8 行.
ERR: 非法操作:js

[ 2016-12-12T16:13:54+08:00 ] 127.0.0.1 /h5_2014_xishuashua/xishuashua/index.php/Home/company/casepicture
INFO: [ app_init ] --START--
INFO: Run Behavior\BuildLiteBehavior [ RunTime:0.000026s ]
INFO: [ app_init ] --END-- [ RunTime:0.001541s ]
INFO: [ app_begin ] --START--
INFO: Run Behavior\ReadHtmlCacheBehavior [ RunTime:0.001162s ]
INFO: [ app_begin ] --END-- [ RunTime:0.001268s ]
NOTIC: [8] Use of undefined constant ture - assumed 'ture' F:\h5\apache2.2+php5.3 win32\webserver\apache2.2\htdocs\h5_2014_xishuashua\xishuashua\Application\Common\Common\function.php 第 8 行.
INFO: [ view_parse ] --START--
INFO: [ template_filter ] --START--
INFO: Run Behavior\ContentReplaceBehavior [ RunTime:0.000080s ]
INFO: [ template_filter ] --END-- [ RunTime:0.000136s ]
INFO: Run Behavior\ParseTemplateBehavior [ RunTime:0.010649s ]
INFO: [ view_parse ] --END-- [ RunTime:0.010760s ]
INFO: [ view_filter ] --START--
INFO: Run Behavior\WriteHtmlCacheBehavior [ RunTime:0.000833s ]
INFO: [ view_filter ] --END-- [ RunTime:0.000906s ]
INFO: [ app_end ] --START--
INFO: Run Behavior\ShowPageTraceBehavior [ RunTime:0.000841s ]
INFO: [ app_end ] --END-- [ RunTime:0.000895s ]

[ 2016-12-12T16:13:54+08:00 ] 127.0.0.1 /h5_2014_xishuashua/xishuashua/index.php/Home/company/js/jquery-ui.js
INFO: [ app_init ] --START--
INFO: Run Behavior\BuildLiteBehavior [ RunTime:0.000016s ]
INFO: [ app_init ] --END-- [ RunTime:0.000730s ]
INFO: [ app_begin ] --START--
INFO: Run Behavior\ReadHtmlCacheBehavior [ RunTime:0.000685s ]
INFO: [ app_begin ] --END-- [ RunTime:0.000744s ]
NOTIC: [8] Use of undefined constant ture - assumed 'ture' F:\h5\apache2.2+php5.3 win32\webserver\apache2.2\htdocs\h5_2014_xishuashua\xishuashua\Application\Common\Common\function.php 第 8 行.
ERR: 非法操作:js

[ 2016-12-12T16:18:01+08:00 ] 127.0.0.1 /h5_2014_xishuashua/xishuashua/index.php/Home/company/case
INFO: [ app_init ] --START--
INFO: Run Behavior\BuildLiteBehavior [ RunTime:0.000017s ]
INFO: [ app_init ] --END-- [ RunTime:0.000559s ]
INFO: [ app_begin ] --START--
INFO: Run Behavior\ReadHtmlCacheBehavior [ RunTime:0.000757s ]
INFO: [ app_begin ] --END-- [ RunTime:0.000826s ]
NOTIC: [8] Use of undefined constant ture - assumed 'ture' F:\h5\apache2.2+php5.3 win32\webserver\apache2.2\htdocs\h5_2014_xishuashua\xishuashua\Application\Common\Common\function.php 第 8 行.
INFO: [ view_parse ] --START--
INFO: [ template_filter ] --START--
INFO: Run Behavior\ContentReplaceBehavior [ RunTime:0.000079s ]
INFO: [ template_filter ] --END-- [ RunTime:0.000152s ]
INFO: Run Behavior\ParseTemplateBehavior [ RunTime:0.009029s ]
INFO: [ view_parse ] --END-- [ RunTime:0.009091s ]
INFO: [ view_filter ] --START--
INFO: Run Behavior\WriteHtmlCacheBehavior [ RunTime:0.000477s ]
INFO: [ view_filter ] --END-- [ RunTime:0.000526s ]
INFO: [ app_end ] --START--
INFO: Run Behavior\ShowPageTraceBehavior [ RunTime:0.000785s ]
INFO: [ app_end ] --END-- [ RunTime:0.000859s ]

[ 2016-12-12T16:18:01+08:00 ] 127.0.0.1 /h5_2014_xishuashua/xishuashua/index.php/Home/company/js/jquery-ui.js
INFO: [ app_init ] --START--
INFO: Run Behavior\BuildLiteBehavior [ RunTime:0.000045s ]
INFO: [ app_init ] --END-- [ RunTime:0.001397s ]
INFO: [ app_begin ] --START--
INFO: Run Behavior\ReadHtmlCacheBehavior [ RunTime:0.000700s ]
INFO: [ app_begin ] --END-- [ RunTime:0.000758s ]
NOTIC: [8] Use of undefined constant ture - assumed 'ture' F:\h5\apache2.2+php5.3 win32\webserver\apache2.2\htdocs\h5_2014_xishuashua\xishuashua\Application\Common\Common\function.php 第 8 行.
ERR: 非法操作:js

[ 2016-12-12T16:20:13+08:00 ] 127.0.0.1 /h5_2014_xishuashua/xishuashua/index.php/Home/company/casepicture
INFO: [ app_init ] --START--
INFO: Run Behavior\BuildLiteBehavior [ RunTime:0.000025s ]
INFO: [ app_init ] --END-- [ RunTime:0.000936s ]
INFO: [ app_begin ] --START--
INFO: Run Behavior\ReadHtmlCacheBehavior [ RunTime:0.001170s ]
INFO: [ app_begin ] --END-- [ RunTime:0.001267s ]
NOTIC: [8] Use of undefined constant ture - assumed 'ture' F:\h5\apache2.2+php5.3 win32\webserver\apache2.2\htdocs\h5_2014_xishuashua\xishuashua\Application\Common\Common\function.php 第 8 行.
INFO: [ view_parse ] --START--
INFO: [ template_filter ] --START--
INFO: Run Behavior\ContentReplaceBehavior [ RunTime:0.000132s ]
INFO: [ template_filter ] --END-- [ RunTime:0.000235s ]
INFO: Run Behavior\ParseTemplateBehavior [ RunTime:0.014055s ]
INFO: [ view_parse ] --END-- [ RunTime:0.014182s ]
INFO: [ view_filter ] --START--
INFO: Run Behavior\WriteHtmlCacheBehavior [ RunTime:0.000823s ]
INFO: [ view_filter ] --END-- [ RunTime:0.000907s ]
INFO: [ app_end ] --START--
INFO: Run Behavior\ShowPageTraceBehavior [ RunTime:0.001364s ]
INFO: [ app_end ] --END-- [ RunTime:0.001453s ]

[ 2016-12-12T16:20:13+08:00 ] 127.0.0.1 /h5_2014_xishuashua/xishuashua/index.php/Home/company/js/jquery-ui.js
INFO: [ app_init ] --START--
INFO: Run Behavior\BuildLiteBehavior [ RunTime:0.000033s ]
INFO: [ app_init ] --END-- [ RunTime:0.000967s ]
INFO: [ app_begin ] --START--
INFO: Run Behavior\ReadHtmlCacheBehavior [ RunTime:0.000904s ]
INFO: [ app_begin ] --END-- [ RunTime:0.001000s ]
NOTIC: [8] Use of undefined constant ture - assumed 'ture' F:\h5\apache2.2+php5.3 win32\webserver\apache2.2\htdocs\h5_2014_xishuashua\xishuashua\Application\Common\Common\function.php 第 8 行.
ERR: 非法操作:js

[ 2016-12-12T16:24:23+08:00 ] 127.0.0.1 /h5_2014_xishuashua/xishuashua/index.php/Home/personal/user_list
INFO: [ app_init ] --START--
INFO: Run Behavior\BuildLiteBehavior [ RunTime:0.000028s ]
INFO: [ app_init ] --END-- [ RunTime:0.001075s ]
INFO: [ app_begin ] --START--
INFO: Run Behavior\ReadHtmlCacheBehavior [ RunTime:0.001449s ]
INFO: [ app_begin ] --END-- [ RunTime:0.001566s ]
NOTIC: [8] Use of undefined constant ture - assumed 'ture' F:\h5\apache2.2+php5.3 win32\webserver\apache2.2\htdocs\h5_2014_xishuashua\xishuashua\Application\Common\Common\function.php 第 8 行.
SQL: SHOW COLUMNS FROM `personaluser` [ RunTime:0.0090s ]
SQL: SELECT * FROM `personaluser` ORDER BY p_id desc LIMIT 0,4   [ RunTime:0.0014s ]
SQL: SELECT COUNT(*) AS tp_count FROM `personaluser` LIMIT 1   [ RunTime:0.0838s ]
INFO: [ view_parse ] --START--
INFO: [ template_filter ] --START--
INFO: Run Behavior\ContentReplaceBehavior [ RunTime:0.000295s ]
INFO: [ template_filter ] --END-- [ RunTime:0.000442s ]
NOTIC: [8] Undefined variable: page F:\h5\apache2.2+php5.3 win32\webserver\apache2.2\htdocs\h5_2014_xishuashua\xishuashua\Application\Runtime\Cache\Home\b53ded8be7a5aeeb727bee6d477d57c0.php 第 119 行.
INFO: Run Behavior\ParseTemplateBehavior [ RunTime:0.029172s ]
INFO: [ view_parse ] --END-- [ RunTime:0.029305s ]
INFO: [ view_filter ] --START--
INFO: Run Behavior\WriteHtmlCacheBehavior [ RunTime:0.000530s ]
INFO: [ view_filter ] --END-- [ RunTime:0.000587s ]
INFO: [ app_end ] --START--
INFO: Run Behavior\ShowPageTraceBehavior [ RunTime:0.000809s ]
INFO: [ app_end ] --END-- [ RunTime:0.000863s ]

[ 2016-12-12T16:24:24+08:00 ] 127.0.0.1 /h5_2014_xishuashua/xishuashua/index.php/Home/personal/user_list
INFO: [ app_init ] --START--
INFO: Run Behavior\BuildLiteBehavior [ RunTime:0.000015s ]
INFO: [ app_init ] --END-- [ RunTime:0.000607s ]
INFO: [ app_begin ] --START--
INFO: Run Behavior\ReadHtmlCacheBehavior [ RunTime:0.000716s ]
INFO: [ app_begin ] --END-- [ RunTime:0.000775s ]
NOTIC: [8] Use of undefined constant ture - assumed 'ture' F:\h5\apache2.2+php5.3 win32\webserver\apache2.2\htdocs\h5_2014_xishuashua\xishuashua\Application\Common\Common\function.php 第 8 行.
SQL: SHOW COLUMNS FROM `personaluser` [ RunTime:0.0213s ]
SQL: SELECT * FROM `personaluser` ORDER BY p_id desc LIMIT 0,4   [ RunTime:0.0007s ]
SQL: SELECT COUNT(*) AS tp_count FROM `personaluser` LIMIT 1   [ RunTime:0.0006s ]
INFO: [ view_parse ] --START--
INFO: [ template_filter ] --START--
INFO: Run Behavior\ContentReplaceBehavior [ RunTime:0.000190s ]
INFO: [ template_filter ] --END-- [ RunTime:0.000303s ]
NOTIC: [8] Undefined variable: page F:\h5\apache2.2+php5.3 win32\webserver\apache2.2\htdocs\h5_2014_xishuashua\xishuashua\Application\Runtime\Cache\Home\b53ded8be7a5aeeb727bee6d477d57c0.php 第 119 行.
INFO: Run Behavior\ParseTemplateBehavior [ RunTime:0.019196s ]
INFO: [ view_parse ] --END-- [ RunTime:0.019299s ]
INFO: [ view_filter ] --START--
INFO: Run Behavior\WriteHtmlCacheBehavior [ RunTime:0.000914s ]
INFO: [ view_filter ] --END-- [ RunTime:0.001008s ]
INFO: [ app_end ] --START--
INFO: Run Behavior\ShowPageTraceBehavior [ RunTime:0.001448s ]
INFO: [ app_end ] --END-- [ RunTime:0.001545s ]

[ 2016-12-12T16:34:46+08:00 ] 127.0.0.1 /h5_2014_xishuashua/xishuashua/index.php/Home/personal/casepicture
INFO: [ app_init ] --START--
INFO: Run Behavior\BuildLiteBehavior [ RunTime:0.000029s ]
INFO: [ app_init ] --END-- [ RunTime:0.001064s ]
INFO: [ app_begin ] --START--
INFO: Run Behavior\ReadHtmlCacheBehavior [ RunTime:0.001416s ]
INFO: [ app_begin ] --END-- [ RunTime:0.001538s ]
NOTIC: [8] Use of undefined constant ture - assumed 'ture' F:\h5\apache2.2+php5.3 win32\webserver\apache2.2\htdocs\h5_2014_xishuashua\xishuashua\Application\Common\Common\function.php 第 8 行.
ERR: 非法操作:casepicture

[ 2016-12-12T16:34:55+08:00 ] 127.0.0.1 /h5_2014_xishuashua/xishuashua/index.php/Home/company/casepicture
INFO: [ app_init ] --START--
INFO: Run Behavior\BuildLiteBehavior [ RunTime:0.000014s ]
INFO: [ app_init ] --END-- [ RunTime:0.000539s ]
INFO: [ app_begin ] --START--
INFO: Run Behavior\ReadHtmlCacheBehavior [ RunTime:0.001134s ]
INFO: [ app_begin ] --END-- [ RunTime:0.001232s ]
NOTIC: [8] Use of undefined constant ture - assumed 'ture' F:\h5\apache2.2+php5.3 win32\webserver\apache2.2\htdocs\h5_2014_xishuashua\xishuashua\Application\Common\Common\function.php 第 8 行.
INFO: [ view_parse ] --START--
INFO: [ template_filter ] --START--
INFO: Run Behavior\ContentReplaceBehavior [ RunTime:0.000080s ]
INFO: [ template_filter ] --END-- [ RunTime:0.000163s ]
INFO: Run Behavior\ParseTemplateBehavior [ RunTime:0.008923s ]
INFO: [ view_parse ] --END-- [ RunTime:0.009003s ]
INFO: [ view_filter ] --START--
INFO: Run Behavior\WriteHtmlCacheBehavior [ RunTime:0.000470s ]
INFO: [ view_filter ] --END-- [ RunTime:0.000524s ]
INFO: [ app_end ] --START--
INFO: Run Behavior\ShowPageTraceBehavior [ RunTime:0.000790s ]
INFO: [ app_end ] --END-- [ RunTime:0.000850s ]

[ 2016-12-12T16:34:55+08:00 ] 127.0.0.1 /h5_2014_xishuashua/xishuashua/index.php/Home/company/js/jquery-ui.js
INFO: [ app_init ] --START--
INFO: Run Behavior\BuildLiteBehavior [ RunTime:0.000019s ]
INFO: [ app_init ] --END-- [ RunTime:0.000609s ]
INFO: [ app_begin ] --START--
INFO: Run Behavior\ReadHtmlCacheBehavior [ RunTime:0.000952s ]
INFO: [ app_begin ] --END-- [ RunTime:0.001123s ]
NOTIC: [8] Use of undefined constant ture - assumed 'ture' F:\h5\apache2.2+php5.3 win32\webserver\apache2.2\htdocs\h5_2014_xishuashua\xishuashua\Application\Common\Common\function.php 第 8 行.
ERR: 非法操作:js

