[ 2016-11-30T08:05:55+08:00 ] 127.0.0.1 /h5_2014_xishuashua/xishuashua/index.php/Home/personal/user_list
INFO: [ app_init ] --START--
INFO: Run Behavior\BuildLiteBehavior [ RunTime:0.000049s ]
INFO: [ app_init ] --END-- [ RunTime:0.033017s ]
INFO: [ app_begin ] --START--
INFO: Run Behavior\ReadHtmlCacheBehavior [ RunTime:0.055176s ]
INFO: [ app_begin ] --END-- [ RunTime:0.055297s ]
SQL: SHOW COLUMNS FROM `personaluser` [ RunTime:0.2198s ]
SQL: SELECT * FROM `personaluser`  [ RunTime:0.0016s ]
INFO: [ view_parse ] --START--
INFO: [ template_filter ] --START--
INFO: Run Behavior\ContentReplaceBehavior [ RunTime:0.000222s ]
INFO: [ template_filter ] --END-- [ RunTime:0.000358s ]
NOTIC: [8] Undefined index: admin F:\html52016\apache\htdocs\h5_2014_xishuashua\xishuashua\Application\Runtime\Cache\Home\b53ded8be7a5aeeb727bee6d477d57c0.php 第 40 行.
INFO: Run Behavior\ParseTemplateBehavior [ RunTime:0.183191s ]
INFO: [ view_parse ] --END-- [ RunTime:0.183365s ]
INFO: [ view_filter ] --START--
INFO: Run Behavior\WriteHtmlCacheBehavior [ RunTime:0.024934s ]
INFO: [ view_filter ] --END-- [ RunTime:0.025122s ]
INFO: [ app_end ] --START--
INFO: Run Behavior\ShowPageTraceBehavior [ RunTime:0.011285s ]
INFO: [ app_end ] --END-- [ RunTime:0.011499s ]

[ 2016-11-30T08:05:56+08:00 ] 127.0.0.1 /h5_2014_xishuashua/xishuashua/index.php/Home/personal/user_list
INFO: [ app_init ] --START--
INFO: Run Behavior\BuildLiteBehavior [ RunTime:0.000029s ]
INFO: [ app_init ] --END-- [ RunTime:0.001065s ]
INFO: [ app_begin ] --START--
INFO: Run Behavior\ReadHtmlCacheBehavior [ RunTime:0.002531s ]
INFO: [ app_begin ] --END-- [ RunTime:0.002767s ]
SQL: SHOW COLUMNS FROM `personaluser` [ RunTime:0.0515s ]
SQL: SELECT * FROM `personaluser`  [ RunTime:0.0005s ]
INFO: [ view_parse ] --START--
INFO: [ template_filter ] --START--
INFO: Run Behavior\ContentReplaceBehavior [ RunTime:0.000114s ]
INFO: [ template_filter ] --END-- [ RunTime:0.000195s ]
NOTIC: [8] Undefined index: admin F:\html52016\apache\htdocs\h5_2014_xishuashua\xishuashua\Application\Runtime\Cache\Home\b53ded8be7a5aeeb727bee6d477d57c0.php 第 40 行.
INFO: Run Behavior\ParseTemplateBehavior [ RunTime:0.021270s ]
INFO: [ view_parse ] --END-- [ RunTime:0.021333s ]
INFO: [ view_filter ] --START--
INFO: Run Behavior\WriteHtmlCacheBehavior [ RunTime:0.000510s ]
INFO: [ view_filter ] --END-- [ RunTime:0.000567s ]
INFO: [ app_end ] --START--
INFO: Run Behavior\ShowPageTraceBehavior [ RunTime:0.000790s ]
INFO: [ app_end ] --END-- [ RunTime:0.000851s ]

